[2024-08-10 16:52:11,295][INFO][Starting threadclient_request_handler]
[2024-08-10 17:05:53,887][INFO][CHAT_LOG USER_ID: 6768166922 Query: Hi]
[2024-08-10 17:05:53,887][ERROR][name 'markup' is not defined]
[2024-08-10 17:09:10,253][INFO][CHAT_LOG USER_ID: 6768166922 Query: Hi]
[2024-08-10 17:09:18,992][INFO][CHAT_LOG USER_ID: 6768166922 Query: Cool]
[2024-08-10 19:11:10,919][INFO][CHAT_LOG USER_ID: 6768166922 Query: Hi]
[2024-08-10 19:26:06,049][INFO][CHAT_LOG USER_ID: 6768166922 Query: Hi]
[2024-08-11 09:42:56,017][INFO][CHAT_LOG USER_ID: 6768166922 Query: Hi]
[2024-08-11 09:42:56,017][ERROR][INF() takes 1 positional argument but 2 were given]
[2024-08-11 09:43:10,026][INFO][CHAT_LOG USER_ID: 6768166922 Query: Hi]
[2024-08-11 09:43:10,026][ERROR][INF() takes 1 positional argument but 2 were given]
[2024-08-11 09:45:08,072][INFO][CHAT_LOG USER_ID: 6768166922 Query: Hi]
[2024-08-11 09:45:08,072][ERROR][can only concatenate str (not "int") to str]
[2024-08-11 09:45:51,432][INFO][CHAT_LOG USER_ID: 6768166922 Query: Hi]
[2024-08-11 09:45:51,432][ERROR][can only concatenate str (not "int") to str]
[2024-08-11 09:46:02,980][ERROR][Unhandled exception (full traceback for debug level): A request to the Telegram API was unsuccessful. Error code: 409. Description: Conflict: terminated by other getUpdates request; make sure that only one bot instance is running]
[2024-08-11 09:46:06,884][INFO][CHAT_LOG USER_ID: 6768166922 Query: Hi]
[2024-08-11 09:46:06,884][INFO][CHAT ID 6768166922]
[2024-08-11 10:19:18,962][ERROR][Unknown error: RuntimeError]
[2024-08-11 10:19:18,978][ERROR][Unhandled exception (full traceback for debug level): Request timeout. Request: method=get url=getUpdates params=<aiohttp.formdata.FormData object at 0x000001FCAFCE2100> files=None request_timeout=300]
[2024-08-11 10:39:31,751][INFO][THREAD ID: 1 NAME: TELEGRAM_LISTENER  STARTED]
[2024-08-11 10:39:31,751][INFO][THREAD ID: 4 NAME: TELEGRAM_RESPONSE_QUEUE STARTED]
[2024-08-11 10:39:31,751][INFO][THREAD ID: 2 NAME: BACKEND THREAD STARTED]
[2024-08-11 10:39:32,481][INFO][CHAT_LOG USER_ID: 6768166922 Query: Hi]
[2024-08-11 10:39:32,481][ERROR][module 'Type' has no attribute 'QueryType']
[2024-08-11 10:40:01,332][INFO][CHAT_LOG USER_ID: 6768166922 Query: Hi]
[2024-08-11 10:40:01,332][ERROR][module 'Type' has no attribute 'QueryType']
[2024-08-11 10:40:41,529][INFO][CHAT_LOG USER_ID: 6768166922 Query: Hi]
[2024-08-11 10:40:41,529][ERROR][module 'Type' has no attribute 'QueryType']
[2024-08-11 10:40:51,979][INFO][THREAD ID: 1 NAME: TELEGRAM_LISTENER  STARTED]
[2024-08-11 10:40:51,979][INFO][THREAD ID: 4 NAME: TELEGRAM_RESPONSE_QUEUE STARTED]
[2024-08-11 10:40:51,979][INFO][THREAD ID: 2 NAME: BACKEND THREAD STARTED]
[2024-08-11 10:40:52,906][ERROR][Unhandled exception (full traceback for debug level): A request to the Telegram API was unsuccessful. Error code: 409. Description: Conflict: terminated by other getUpdates request; make sure that only one bot instance is running]
[2024-08-11 10:40:55,689][INFO][CHAT_LOG USER_ID: 6768166922 Query: Hi]
[2024-08-11 10:40:55,689][ERROR][__init__() missing 3 required positional arguments: 'userId', 'action', and 'message']
[2024-08-11 10:43:29,017][INFO][CHAT_LOG USER_ID: 6768166922 Query: J]
[2024-08-11 10:43:29,017][ERROR][__init__() missing 3 required positional arguments: 'userId', 'action', and 'message']
[2024-08-11 10:43:29,868][INFO][CHAT_LOG USER_ID: 6768166922 Query: J]
[2024-08-11 10:43:29,868][ERROR][__init__() missing 3 required positional arguments: 'userId', 'action', and 'message']
[2024-08-11 10:43:31,659][INFO][CHAT_LOG USER_ID: 6768166922 Query: Hi]
[2024-08-11 10:43:31,659][ERROR][__init__() missing 3 required positional arguments: 'userId', 'action', and 'message']
[2024-08-11 10:47:19,331][INFO][THREAD ID: 1 NAME: TELEGRAM_LISTENER  STARTED]
[2024-08-11 10:47:19,331][INFO][THREAD ID: 4 NAME: TELEGRAM_RESPONSE_QUEUE STARTED]
[2024-08-11 10:47:19,331][INFO][THREAD ID: 2 NAME: BACKEND THREAD STARTED]
[2024-08-11 10:47:20,352][ERROR][Unhandled exception (full traceback for debug level): A request to the Telegram API was unsuccessful. Error code: 409. Description: Conflict: terminated by other getUpdates request; make sure that only one bot instance is running]
[2024-08-11 10:47:24,004][INFO][CHAT_LOG USER_ID: 6768166922 Query: Hi]
[2024-08-11 10:47:24,004][ERROR][__init__() missing 3 required positional arguments: 'userId', 'action', and 'message']
[2024-08-11 10:52:23,835][INFO][THREAD ID: 1 NAME: TELEGRAM_LISTENER  STARTED]
[2024-08-11 10:52:23,835][INFO][THREAD ID: 4 NAME: TELEGRAM_RESPONSE_QUEUE STARTED]
[2024-08-11 10:52:23,835][INFO][THREAD ID: 2 NAME: BACKEND THREAD STARTED]
[2024-08-11 10:52:24,714][ERROR][Unhandled exception (full traceback for debug level): A request to the Telegram API was unsuccessful. Error code: 409. Description: Conflict: terminated by other getUpdates request; make sure that only one bot instance is running]
[2024-08-11 10:52:36,198][INFO][CHAT_LOG USER_ID: 6768166922 Query: Hi]
[2024-08-11 10:52:36,198][INFO][MESSAGE_SENT_TO_COMMON_QUEUE_FROM_TELEGRAM USER_ID: 6768166922]
[2024-08-11 10:52:36,198][ERROR][object NoneType can't be used in 'await' expression]
[2024-08-11 11:05:20,520][INFO][THREAD ID: 1 NAME: TELEGRAM_LISTENER  STARTED]
[2024-08-11 11:05:20,520][INFO][THREAD ID: 4 NAME: TELEGRAM_RESPONSE_QUEUE STARTED]
[2024-08-11 11:05:20,521][INFO][THREAD ID: 2 NAME: BACKEND THREAD STARTED]
[2024-08-11 11:05:21,288][ERROR][Unhandled exception (full traceback for debug level): A request to the Telegram API was unsuccessful. Error code: 409. Description: Conflict: terminated by other getUpdates request; make sure that only one bot instance is running]
[2024-08-11 11:05:29,600][INFO][CHAT_LOG USER_ID: 6768166922 Query: Hi]
[2024-08-11 11:05:29,603][INFO][MESSAGE_SENT_TO_COMMON_QUEUE_FROM_TELEGRAM USER_ID: 6768166922]
[2024-08-11 11:05:29,604][INFO][MESSAGE_SENT_TO_COMMON_QUEUE_FROM_BACKEND USER_ID: 6768166922]
[2024-08-11 11:05:29,604][ERROR][object NoneType can't be used in 'await' expression]
[2024-08-11 11:06:40,099][INFO][THREAD ID: 1 NAME: TELEGRAM_LISTENER  STARTED]
[2024-08-11 11:06:40,099][INFO][THREAD ID: 4 NAME: TELEGRAM_RESPONSE_QUEUE STARTED]
[2024-08-11 11:06:40,099][INFO][THREAD ID: 2 NAME: BACKEND THREAD STARTED]
[2024-08-11 11:06:41,091][ERROR][Unhandled exception (full traceback for debug level): A request to the Telegram API was unsuccessful. Error code: 409. Description: Conflict: terminated by other getUpdates request; make sure that only one bot instance is running]
[2024-08-11 11:06:56,765][INFO][CHAT_LOG USER_ID: 6768166922 Query: Hi]
[2024-08-11 11:06:56,765][INFO][MESSAGE_SENT_TO_COMMON_QUEUE_FROM_TELEGRAM USER_ID: 6768166922]
[2024-08-11 11:06:56,765][INFO][MESSAGE_SENT_TO_COMMON_QUEUE_FROM_BACKEND USER_ID: 6768166922]
[2024-08-11 11:06:56,765][ERROR][object NoneType can't be used in 'await' expression]
[2024-08-11 11:07:11,852][INFO][CHAT_LOG USER_ID: 6768166922 Query: J]
[2024-08-11 11:07:11,852][INFO][MESSAGE_SENT_TO_COMMON_QUEUE_FROM_TELEGRAM USER_ID: 6768166922]
[2024-08-11 11:07:11,852][INFO][MESSAGE_SENT_TO_COMMON_QUEUE_FROM_BACKEND USER_ID: 6768166922]
[2024-08-11 11:07:11,852][ERROR][object NoneType can't be used in 'await' expression]
[2024-08-11 11:07:17,119][INFO][CHAT_LOG USER_ID: 6768166922 Query: Hv]
[2024-08-11 11:07:17,119][INFO][MESSAGE_SENT_TO_COMMON_QUEUE_FROM_TELEGRAM USER_ID: 6768166922]
[2024-08-11 11:07:17,119][INFO][MESSAGE_SENT_TO_COMMON_QUEUE_FROM_BACKEND USER_ID: 6768166922]
[2024-08-11 11:07:17,119][ERROR][object NoneType can't be used in 'await' expression]
[2024-08-11 11:07:18,709][INFO][CHAT_LOG USER_ID: 6768166922 Query: Hvv]
[2024-08-11 11:07:18,709][INFO][MESSAGE_SENT_TO_COMMON_QUEUE_FROM_TELEGRAM USER_ID: 6768166922]
[2024-08-11 11:07:18,709][INFO][MESSAGE_SENT_TO_COMMON_QUEUE_FROM_BACKEND USER_ID: 6768166922]
[2024-08-11 11:07:18,709][ERROR][object NoneType can't be used in 'await' expression]
[2024-08-11 11:07:24,262][INFO][CHAT_LOG USER_ID: 6768166922 Query: Ggh]
[2024-08-11 11:07:24,262][INFO][MESSAGE_SENT_TO_COMMON_QUEUE_FROM_TELEGRAM USER_ID: 6768166922]
[2024-08-11 11:07:24,262][INFO][MESSAGE_SENT_TO_COMMON_QUEUE_FROM_BACKEND USER_ID: 6768166922]
[2024-08-11 11:07:24,262][ERROR][object NoneType can't be used in 'await' expression]
[2024-08-11 11:10:53,148][INFO][THREAD ID: 1 NAME: TELEGRAM_LISTENER  STARTED]
[2024-08-11 11:10:53,148][INFO][THREAD ID: 4 NAME: TELEGRAM_RESPONSE_QUEUE STARTED]
[2024-08-11 11:10:53,148][INFO][THREAD ID: 2 NAME: BACKEND THREAD STARTED]
[2024-08-11 11:10:54,011][ERROR][Unhandled exception (full traceback for debug level): A request to the Telegram API was unsuccessful. Error code: 409. Description: Conflict: terminated by other getUpdates request; make sure that only one bot instance is running]
[2024-08-11 11:10:58,438][INFO][CHAT_LOG USER_ID: 6768166922 Query: H]
[2024-08-11 11:10:58,438][INFO][MESSAGE_SENT_TO_COMMON_QUEUE_FROM_TELEGRAM USER_ID: 6768166922]
[2024-08-11 11:10:58,438][INFO][MESSAGE_SENT_TO_COMMON_QUEUE_FROM_BACKEND USER_ID: 6768166922]
[2024-08-11 11:10:58,438][ERROR][object NoneType can't be used in 'await' expression]
[2024-08-11 11:15:06,559][INFO][THREAD ID: 1 NAME: TELEGRAM_LISTENER  STARTED]
[2024-08-11 11:15:06,559][INFO][THREAD ID: 4 NAME: TELEGRAM_RESPONSE_QUEUE STARTED]
[2024-08-11 11:15:06,559][INFO][THREAD ID: 2 NAME: BACKEND THREAD STARTED]
[2024-08-11 11:15:07,391][ERROR][Unhandled exception (full traceback for debug level): A request to the Telegram API was unsuccessful. Error code: 409. Description: Conflict: terminated by other getUpdates request; make sure that only one bot instance is running]
[2024-08-11 11:15:09,291][INFO][CHAT_LOG USER_ID: 6768166922 Query: Hi]
[2024-08-11 11:15:09,291][INFO][MESSAGE_SENT_TO_COMMON_QUEUE_FROM_TELEGRAM USER_ID: 6768166922]
[2024-08-11 11:15:09,291][INFO][MESSAGE_SENT_TO_COMMON_QUEUE_FROM_BACKEND USER_ID: 6768166922]
[2024-08-11 11:15:09,291][ERROR][object NoneType can't be used in 'await' expression]
[2024-08-11 11:15:23,051][INFO][CHAT_LOG USER_ID: 6768166922 Query: Good]
[2024-08-11 11:15:23,051][INFO][MESSAGE_SENT_TO_COMMON_QUEUE_FROM_TELEGRAM USER_ID: 6768166922]
[2024-08-11 11:15:23,051][INFO][MESSAGE_SENT_TO_COMMON_QUEUE_FROM_BACKEND USER_ID: 6768166922]
[2024-08-11 11:15:23,051][ERROR][object NoneType can't be used in 'await' expression]
[2024-08-11 11:22:36,538][INFO][THREAD ID: 1 NAME: TELEGRAM_LISTENER  STARTED]
[2024-08-11 11:22:36,538][INFO][THREAD ID: 4 NAME: TELEGRAM_RESPONSE_QUEUE STARTED]
[2024-08-11 11:22:36,538][INFO][THREAD ID: 2 NAME: BACKEND THREAD STARTED]
[2024-08-11 11:22:41,457][INFO][CHAT_LOG USER_ID: 6768166922 Query: Hi]
[2024-08-11 11:22:41,457][INFO][MESSAGE_SENT_TO_COMMON_QUEUE_FROM_TELEGRAM USER_ID: 6768166922]
[2024-08-11 11:22:41,457][INFO][MESSAGE_SENT_TO_COMMON_QUEUE_FROM_BACKEND USER_ID: 6768166922]
[2024-08-11 11:22:49,019][INFO][CHAT_LOG USER_ID: 6768166922 Query: Good]
[2024-08-11 11:22:49,019][INFO][MESSAGE_SENT_TO_COMMON_QUEUE_FROM_TELEGRAM USER_ID: 6768166922]
[2024-08-11 11:22:49,034][INFO][MESSAGE_SENT_TO_COMMON_QUEUE_FROM_BACKEND USER_ID: 6768166922]
[2024-08-11 11:22:52,633][INFO][CHAT_LOG USER_ID: 6768166922 Query: Cool]
[2024-08-11 11:22:52,633][INFO][MESSAGE_SENT_TO_COMMON_QUEUE_FROM_TELEGRAM USER_ID: 6768166922]
[2024-08-11 11:22:52,633][INFO][MESSAGE_SENT_TO_COMMON_QUEUE_FROM_BACKEND USER_ID: 6768166922]
[2024-08-11 11:23:18,290][INFO][CHAT_LOG USER_ID: 6768166922 Query: Cool]
[2024-08-11 11:23:18,290][INFO][MESSAGE_SENT_TO_COMMON_QUEUE_FROM_TELEGRAM USER_ID: 6768166922]
[2024-08-11 11:23:18,290][INFO][MESSAGE_SENT_TO_COMMON_QUEUE_FROM_BACKEND USER_ID: 6768166922]
[2024-08-11 13:36:24,764][INFO][THREAD ID: 1 NAME: TELEGRAM_LISTENER  STARTED]
[2024-08-11 13:36:24,764][INFO][THREAD ID: 4 NAME: TELEGRAM_RESPONSE_QUEUE STARTED]
[2024-08-11 13:36:24,764][INFO][THREAD ID: 2 NAME: BACKEND THREAD STARTED]
[2024-08-11 13:36:34,214][INFO][CHAT_LOG USER_ID: 6768166922 Query: Hi]
[2024-08-11 13:36:34,214][INFO][MESSAGE_SENT_TO_COMMON_QUEUE_FROM_TELEGRAM USER_ID: 6768166922]
[2024-08-11 13:36:34,214][INFO][MESSAGE_SENT_TO_COMMON_QUEUE_FROM_BACKEND USER_ID: 6768166922]
[2024-08-11 13:36:34,214][ERROR]['Message' object has no attribute 'userId']
[2024-08-11 13:37:14,689][INFO][THREAD ID: 1 NAME: TELEGRAM_LISTENER  STARTED]
[2024-08-11 13:37:14,689][INFO][THREAD ID: 4 NAME: TELEGRAM_RESPONSE_QUEUE STARTED]
[2024-08-11 13:37:14,689][INFO][THREAD ID: 2 NAME: BACKEND THREAD STARTED]
[2024-08-11 13:37:19,098][INFO][CHAT_LOG USER_ID: 6768166922 Query: Hi]
[2024-08-11 13:37:19,098][INFO][MESSAGE_SENT_TO_COMMON_QUEUE_FROM_TELEGRAM USER_ID: 6768166922]
[2024-08-11 13:37:19,104][INFO][MESSAGE_SENT_TO_COMMON_QUEUE_FROM_BACKEND USER_ID: 6768166922]
[2024-08-11 13:49:45,220][INFO][THREAD ID: 1 NAME: TELEGRAM_LISTENER  STARTED]
[2024-08-11 13:49:45,220][INFO][THREAD ID: 4 NAME: TELEGRAM_RESPONSE_QUEUE STARTED]
[2024-08-11 13:49:45,220][INFO][THREAD ID: 2 NAME: BACKEND THREAD STARTED]
[2024-08-11 13:49:57,878][INFO][CHAT_LOG USER_ID: 6768166922 Query: Hi]
[2024-08-11 13:49:57,878][INFO][MESSAGE_SENT_TO_COMMON_QUEUE_FROM_TELEGRAM USER_ID: 6768166922]
[2024-08-11 13:49:57,894][INFO][MESSAGE_SENT_TO_COMMON_QUEUE_FROM_BACKEND USER_ID: 6768166922]
[2024-08-11 13:52:55,359][INFO][THREAD ID: 1 NAME: TELEGRAM_LISTENER  STARTED]
[2024-08-11 13:52:55,359][INFO][THREAD ID: 4 NAME: TELEGRAM_RESPONSE_QUEUE STARTED]
[2024-08-11 13:52:55,359][INFO][THREAD ID: 2 NAME: BACKEND THREAD STARTED]
[2024-08-11 13:53:02,022][INFO][CHAT_LOG USER_ID: 6768166922 Query: Hi]
[2024-08-11 13:53:02,022][INFO][MESSAGE_SENT_TO_COMMON_QUEUE_FROM_TELEGRAM USER_ID: 6768166922]
[2024-08-11 13:53:02,022][INFO][MESSAGE_SENT_TO_COMMON_QUEUE_FROM_BACKEND USER_ID: 6768166922]
[2024-08-11 13:59:01,099][INFO][THREAD ID: 1 NAME: TELEGRAM_LISTENER  STARTED]
[2024-08-11 13:59:01,099][INFO][THREAD ID: 4 NAME: TELEGRAM_RESPONSE_QUEUE STARTED]
[2024-08-11 13:59:01,099][INFO][THREAD ID: 2 NAME: BACKEND THREAD STARTED]
[2024-08-11 13:59:16,070][INFO][CHAT_LOG USER_ID: 6768166922 Query: Hi]
[2024-08-11 13:59:16,070][INFO][MESSAGE_SENT_TO_COMMON_QUEUE_FROM_TELEGRAM USER_ID: 6768166922]
[2024-08-11 13:59:16,070][INFO][MESSAGE_SENT_TO_COMMON_QUEUE_FROM_BACKEND USER_ID: 6768166922]
[2024-08-11 13:59:16,861][ERROR][A request to the Telegram API was unsuccessful. Error code: 400. Description: Bad Request: wrong file identifier/HTTP URL specified]
[2024-08-11 13:59:34,141][INFO][CHAT_LOG USER_ID: 6768166922 Query: H]
[2024-08-11 13:59:34,141][INFO][MESSAGE_SENT_TO_COMMON_QUEUE_FROM_TELEGRAM USER_ID: 6768166922]
[2024-08-11 13:59:34,143][INFO][MESSAGE_SENT_TO_COMMON_QUEUE_FROM_BACKEND USER_ID: 6768166922]
[2024-08-11 13:59:35,161][ERROR][A request to the Telegram API was unsuccessful. Error code: 400. Description: Bad Request: wrong file identifier/HTTP URL specified]
[2024-08-11 14:00:16,209][INFO][THREAD ID: 1 NAME: TELEGRAM_LISTENER  STARTED]
[2024-08-11 14:00:16,209][INFO][THREAD ID: 4 NAME: TELEGRAM_RESPONSE_QUEUE STARTED]
[2024-08-11 14:00:16,209][INFO][THREAD ID: 2 NAME: BACKEND THREAD STARTED]
[2024-08-11 14:00:28,818][INFO][CHAT_LOG USER_ID: 6768166922 Query: J]
[2024-08-11 14:00:28,818][INFO][MESSAGE_SENT_TO_COMMON_QUEUE_FROM_TELEGRAM USER_ID: 6768166922]
[2024-08-11 14:00:28,818][INFO][MESSAGE_SENT_TO_COMMON_QUEUE_FROM_BACKEND USER_ID: 6768166922]
[2024-08-11 14:00:29,622][ERROR][A request to the Telegram API was unsuccessful. Error code: 400. Description: Bad Request: wrong file identifier/HTTP URL specified]
[2024-08-11 14:02:12,796][INFO][CHAT_LOG USER_ID: 6768166922 Query: http://ftp.tufanonline.com.bd/Data/disk1/movies/animation/new/Baby%20Sharks%20Big%20Movie%20%282023%29/Baby.Sharks.Big.Movie.2023.720p.WEBRip.x264.AAC-%5BYTS.MX%5D.mp4]
[2024-08-11 14:02:12,796][INFO][MESSAGE_SENT_TO_COMMON_QUEUE_FROM_TELEGRAM USER_ID: 6768166922]
[2024-08-11 14:02:12,796][INFO][MESSAGE_SENT_TO_COMMON_QUEUE_FROM_BACKEND USER_ID: 6768166922]
[2024-08-11 14:02:13,742][ERROR][A request to the Telegram API was unsuccessful. Error code: 400. Description: Bad Request: wrong file identifier/HTTP URL specified]
[2024-08-11 14:08:34,470][INFO][THREAD ID: 1 NAME: TELEGRAM_LISTENER  STARTED]
[2024-08-11 14:08:34,470][INFO][THREAD ID: 4 NAME: TELEGRAM_RESPONSE_QUEUE STARTED]
[2024-08-11 14:08:34,470][INFO][THREAD ID: 2 NAME: BACKEND THREAD STARTED]
[2024-08-11 14:08:42,899][INFO][CHAT_LOG USER_ID: 6768166922 Query: H]
[2024-08-11 14:08:42,899][INFO][MESSAGE_SENT_TO_COMMON_QUEUE_FROM_TELEGRAM USER_ID: 6768166922]
[2024-08-11 14:08:42,899][INFO][MESSAGE_SENT_TO_COMMON_QUEUE_FROM_BACKEND USER_ID: 6768166922]
[2024-08-11 14:09:21,182][INFO][THREAD ID: 1 NAME: TELEGRAM_LISTENER  STARTED]
[2024-08-11 14:09:21,182][INFO][THREAD ID: 4 NAME: TELEGRAM_RESPONSE_QUEUE STARTED]
[2024-08-11 14:09:21,183][INFO][THREAD ID: 2 NAME: BACKEND THREAD STARTED]
[2024-08-11 14:09:29,349][INFO][CHAT_LOG USER_ID: 6768166922 Query: Hi]
[2024-08-11 14:09:29,349][INFO][MESSAGE_SENT_TO_COMMON_QUEUE_FROM_TELEGRAM USER_ID: 6768166922]
[2024-08-11 14:09:29,349][INFO][MESSAGE_SENT_TO_COMMON_QUEUE_FROM_BACKEND USER_ID: 6768166922]
[2024-08-11 14:09:29,972][ERROR][A request to the Telegram API was unsuccessful. Error code: 400. Description: Bad Request: can't parse entities: Unsupported start tag "!doctype" at byte offset 13]
[2024-08-11 14:10:01,080][INFO][THREAD ID: 1 NAME: TELEGRAM_LISTENER  STARTED]
[2024-08-11 14:10:01,080][INFO][THREAD ID: 4 NAME: TELEGRAM_RESPONSE_QUEUE STARTED]
[2024-08-11 14:10:01,080][INFO][THREAD ID: 2 NAME: BACKEND THREAD STARTED]
[2024-08-11 14:10:03,392][INFO][CHAT_LOG USER_ID: 6768166922 Query: H]
[2024-08-11 14:10:03,392][INFO][MESSAGE_SENT_TO_COMMON_QUEUE_FROM_TELEGRAM USER_ID: 6768166922]
[2024-08-11 14:10:03,408][INFO][MESSAGE_SENT_TO_COMMON_QUEUE_FROM_BACKEND USER_ID: 6768166922]
[2024-08-11 14:10:04,165][ERROR][A request to the Telegram API was unsuccessful. Error code: 400. Description: Bad Request: can't parse entities: Unsupported start tag "head" at byte offset 1]
[2024-08-11 14:10:34,640][INFO][THREAD ID: 1 NAME: TELEGRAM_LISTENER  STARTED]
[2024-08-11 14:10:34,640][INFO][THREAD ID: 4 NAME: TELEGRAM_RESPONSE_QUEUE STARTED]
[2024-08-11 14:10:34,640][INFO][THREAD ID: 2 NAME: BACKEND THREAD STARTED]
[2024-08-11 14:10:37,073][INFO][CHAT_LOG USER_ID: 6768166922 Query: H]
[2024-08-11 14:10:37,073][INFO][MESSAGE_SENT_TO_COMMON_QUEUE_FROM_TELEGRAM USER_ID: 6768166922]
[2024-08-11 14:10:37,076][INFO][MESSAGE_SENT_TO_COMMON_QUEUE_FROM_BACKEND USER_ID: 6768166922]
[2024-08-11 14:10:37,656][ERROR][A request to the Telegram API was unsuccessful. Error code: 400. Description: Bad Request: can't parse entities: Unsupported start tag "body" at byte offset 2]
[2024-08-11 14:10:55,610][INFO][THREAD ID: 1 NAME: TELEGRAM_LISTENER  STARTED]
[2024-08-11 14:10:55,610][INFO][THREAD ID: 4 NAME: TELEGRAM_RESPONSE_QUEUE STARTED]
[2024-08-11 14:10:55,610][INFO][THREAD ID: 2 NAME: BACKEND THREAD STARTED]
[2024-08-11 14:10:57,507][INFO][CHAT_LOG USER_ID: 6768166922 Query: F]
[2024-08-11 14:10:57,508][INFO][MESSAGE_SENT_TO_COMMON_QUEUE_FROM_TELEGRAM USER_ID: 6768166922]
[2024-08-11 14:10:57,510][INFO][MESSAGE_SENT_TO_COMMON_QUEUE_FROM_BACKEND USER_ID: 6768166922]
[2024-08-11 14:10:58,059][ERROR][A request to the Telegram API was unsuccessful. Error code: 400. Description: Bad Request: can't parse entities: Unsupported start tag "video" at byte offset 7]
[2024-08-11 14:11:44,623][INFO][THREAD ID: 1 NAME: TELEGRAM_LISTENER  STARTED]
[2024-08-11 14:11:44,623][INFO][THREAD ID: 4 NAME: TELEGRAM_RESPONSE_QUEUE STARTED]
[2024-08-11 14:11:44,623][INFO][THREAD ID: 2 NAME: BACKEND THREAD STARTED]
[2024-08-11 14:11:48,060][INFO][CHAT_LOG USER_ID: 6768166922 Query: H]
[2024-08-11 14:11:48,060][INFO][MESSAGE_SENT_TO_COMMON_QUEUE_FROM_TELEGRAM USER_ID: 6768166922]
[2024-08-11 14:11:48,071][INFO][MESSAGE_SENT_TO_COMMON_QUEUE_FROM_BACKEND USER_ID: 6768166922]
[2024-08-13 19:59:01,871][INFO][THREAD ID: 1 NAME: TELEGRAM_LISTENER  STARTED]
[2024-08-13 19:59:01,871][INFO][THREAD ID: 4 NAME: TELEGRAM_RESPONSE_QUEUE STARTED]
[2024-08-13 19:59:01,871][INFO][THREAD ID: 2 NAME: BACKEND THREAD STARTED]
[2024-08-13 20:00:07,639][INFO][CHAT_LOG USER_ID: 6850815619 Query: /start]
[2024-08-13 20:00:07,639][INFO][MESSAGE_SENT_TO_COMMON_QUEUE_FROM_TELEGRAM USER_ID: 6850815619]
[2024-08-13 20:00:07,639][INFO][MESSAGE_SENT_TO_COMMON_QUEUE_FROM_BACKEND USER_ID: 6850815619]
[2024-08-13 20:00:07,639][ERROR]['coroutine' object has no attribute 'poll']
[2024-08-13 20:00:15,426][INFO][CHAT_LOG USER_ID: 6850815619 Query: hi]
[2024-08-13 20:00:15,426][INFO][MESSAGE_SENT_TO_COMMON_QUEUE_FROM_TELEGRAM USER_ID: 6850815619]
[2024-08-13 20:00:15,426][ERROR]['coroutine' object has no attribute 'poll']
[2024-08-13 20:00:15,426][INFO][MESSAGE_SENT_TO_COMMON_QUEUE_FROM_BACKEND USER_ID: 6850815619]
[2024-08-13 20:01:34,250][INFO][THREAD ID: 1 NAME: TELEGRAM_LISTENER  STARTED]
[2024-08-13 20:01:34,250][INFO][THREAD ID: 4 NAME: TELEGRAM_RESPONSE_QUEUE STARTED]
[2024-08-13 20:01:34,252][INFO][THREAD ID: 2 NAME: BACKEND THREAD STARTED]
[2024-08-13 20:02:17,113][INFO][CHAT_LOG USER_ID: 6850815619 Query: hi]
[2024-08-13 20:02:17,113][INFO][MESSAGE_SENT_TO_COMMON_QUEUE_FROM_TELEGRAM USER_ID: 6850815619]
[2024-08-13 20:02:17,113][INFO][MESSAGE_SENT_TO_COMMON_QUEUE_FROM_BACKEND USER_ID: 6850815619]
[2024-08-13 20:06:09,968][INFO][THREAD ID: 1 NAME: TELEGRAM_LISTENER  STARTED]
[2024-08-13 20:06:09,968][INFO][THREAD ID: 4 NAME: TELEGRAM_RESPONSE_QUEUE STARTED]
[2024-08-13 20:06:09,968][INFO][THREAD ID: 2 NAME: BACKEND THREAD STARTED]
[2024-08-13 20:06:19,125][INFO][CHAT_LOG USER_ID: 6850815619 Query: hi]
[2024-08-13 20:06:19,125][INFO][MESSAGE_SENT_TO_COMMON_QUEUE_FROM_TELEGRAM USER_ID: 6850815619]
[2024-08-13 20:06:19,125][INFO][MESSAGE_SENT_TO_COMMON_QUEUE_FROM_BACKEND USER_ID: 6850815619]
[2024-08-13 20:08:45,263][INFO][THREAD ID: 1 NAME: TELEGRAM_LISTENER  STARTED]
[2024-08-13 20:08:45,263][INFO][THREAD ID: 4 NAME: TELEGRAM_RESPONSE_QUEUE STARTED]
[2024-08-13 20:08:45,263][INFO][THREAD ID: 2 NAME: BACKEND THREAD STARTED]
[2024-08-13 20:08:49,307][INFO][CHAT_LOG USER_ID: 6850815619 Query: h]
[2024-08-13 20:08:49,307][INFO][MESSAGE_SENT_TO_COMMON_QUEUE_FROM_TELEGRAM USER_ID: 6850815619]
[2024-08-13 20:08:49,307][INFO][MESSAGE_SENT_TO_COMMON_QUEUE_FROM_BACKEND USER_ID: 6850815619]
[2024-08-13 20:20:25,467][INFO][THREAD ID: 1 NAME: TELEGRAM_LISTENER  STARTED]
[2024-08-13 20:20:25,467][INFO][THREAD ID: 4 NAME: TELEGRAM_RESPONSE_QUEUE STARTED]
[2024-08-13 20:20:25,467][INFO][THREAD ID: 2 NAME: BACKEND THREAD STARTED]
[2024-08-13 20:20:36,477][INFO][CHAT_LOG USER_ID: 6850815619 Query: h]
[2024-08-13 20:20:36,477][INFO][MESSAGE_SENT_TO_COMMON_QUEUE_FROM_TELEGRAM USER_ID: 6850815619]
[2024-08-13 20:20:36,477][INFO][MESSAGE_SENT_TO_COMMON_QUEUE_FROM_BACKEND USER_ID: 6850815619]
[2024-08-13 20:20:37,397][ERROR][name 'bot' is not defined]
[2024-08-13 20:22:02,194][INFO][THREAD ID: 1 NAME: TELEGRAM_LISTENER  STARTED]
[2024-08-13 20:22:02,194][INFO][THREAD ID: 4 NAME: TELEGRAM_RESPONSE_QUEUE STARTED]
[2024-08-13 20:22:02,194][INFO][THREAD ID: 2 NAME: BACKEND THREAD STARTED]
[2024-08-13 20:22:10,481][INFO][CHAT_LOG USER_ID: 6850815619 Query: h]
[2024-08-13 20:22:10,481][INFO][MESSAGE_SENT_TO_COMMON_QUEUE_FROM_TELEGRAM USER_ID: 6850815619]
[2024-08-13 20:22:10,481][INFO][MESSAGE_SENT_TO_COMMON_QUEUE_FROM_BACKEND USER_ID: 6850815619]
[2024-08-13 20:22:54,473][INFO][CHAT_LOG USER_ID: 6850815619 Query: good]
[2024-08-13 20:22:54,473][INFO][MESSAGE_SENT_TO_COMMON_QUEUE_FROM_TELEGRAM USER_ID: 6850815619]
[2024-08-13 20:22:54,485][INFO][MESSAGE_SENT_TO_COMMON_QUEUE_FROM_BACKEND USER_ID: 6850815619]
[2024-08-13 21:28:59,648][INFO][THREAD ID: 4 NAME: TELEGRAM_RESPONSE_QUEUE STARTED]
[2024-08-13 21:28:59,648][INFO][THREAD ID: 2 NAME: BACKEND THREAD STARTED]
[2024-08-13 21:32:10,576][INFO][THREAD ID: 4 NAME: TELEGRAM_RESPONSE_QUEUE STARTED]
[2024-08-13 21:32:10,576][INFO][THREAD ID: 2 NAME: BACKEND THREAD STARTED]
[2024-08-13 21:32:39,403][INFO][THREAD ID: 1 NAME: TELEGRAM_LISTENER  STARTED]
[2024-08-13 21:32:39,403][INFO][THREAD ID: 4 NAME: TELEGRAM_RESPONSE_QUEUE STARTED]
[2024-08-13 21:32:39,403][INFO][THREAD ID: 2 NAME: BACKEND THREAD STARTED]
[2024-08-13 21:33:16,736][INFO][CHAT_LOG USER_ID: 6768166922 Query: H]
[2024-08-13 21:33:16,736][INFO][MESSAGE_SENT_TO_COMMON_QUEUE_FROM_TELEGRAM USER_ID: 6768166922]
[2024-08-13 21:33:16,736][INFO][MESSAGE_SENT_TO_COMMON_QUEUE_FROM_BACKEND USER_ID: 6768166922]
[2024-08-14 19:30:11,985][INFO][THREAD ID: 1 NAME: TELEGRAM_LISTENER  STARTED]
[2024-08-14 19:30:11,986][INFO][THREAD ID: 4 NAME: TELEGRAM_RESPONSE_QUEUE STARTED]
[2024-08-14 19:30:11,986][INFO][THREAD ID: 2 NAME: BACKEND THREAD STARTED]
[2024-08-14 19:30:13,699][INFO][CHAT_LOG USER_ID: 6850815619 Query: h]
[2024-08-14 19:30:13,699][INFO][MESSAGE_SENT_TO_COMMON_QUEUE_FROM_TELEGRAM USER_ID: 6850815619]
[2024-08-14 19:30:13,699][INFO][MESSAGE_SENT_TO_COMMON_QUEUE_FROM_BACKEND USER_ID: 6850815619]
[2024-08-14 19:30:15,032][ERROR]['6185694942891868499']
[2024-08-14 19:30:51,282][INFO][CHAT_LOG USER_ID: 6850815619 Query: good]
[2024-08-14 19:30:51,282][INFO][MESSAGE_SENT_TO_COMMON_QUEUE_FROM_TELEGRAM USER_ID: 6850815619]
[2024-08-14 19:30:51,298][INFO][MESSAGE_SENT_TO_COMMON_QUEUE_FROM_BACKEND USER_ID: 6850815619]
[2024-08-14 19:31:29,075][INFO][CHAT_LOG USER_ID: 6850815619 Query: nice]
[2024-08-14 19:31:29,075][INFO][MESSAGE_SENT_TO_COMMON_QUEUE_FROM_TELEGRAM USER_ID: 6850815619]
[2024-08-14 19:31:29,075][INFO][MESSAGE_SENT_TO_COMMON_QUEUE_FROM_BACKEND USER_ID: 6850815619]
[2024-08-14 19:31:51,291][INFO][THREAD ID: 1 NAME: TELEGRAM_LISTENER  STARTED]
[2024-08-14 19:31:51,291][INFO][THREAD ID: 4 NAME: TELEGRAM_RESPONSE_QUEUE STARTED]
[2024-08-14 19:31:51,291][INFO][THREAD ID: 2 NAME: BACKEND THREAD STARTED]
[2024-08-14 19:31:53,139][ERROR]['6188508490068132127']
[2024-08-14 19:43:54,044][INFO][THREAD ID: 1 NAME: TELEGRAM_LISTENER  STARTED]
[2024-08-14 19:43:54,044][INFO][THREAD ID: 4 NAME: TELEGRAM_RESPONSE_QUEUE STARTED]
[2024-08-14 19:43:54,044][INFO][THREAD ID: 2 NAME: BACKEND THREAD STARTED]
[2024-08-14 19:44:28,434][INFO][CHAT_LOG USER_ID: 6850815619 Query: yes]
[2024-08-14 19:44:28,434][INFO][MESSAGE_SENT_TO_COMMON_QUEUE_FROM_TELEGRAM USER_ID: 6850815619]
[2024-08-14 19:44:28,434][INFO][MESSAGE_SENT_TO_COMMON_QUEUE_FROM_BACKEND USER_ID: 6850815619]
[2024-08-14 19:44:46,869][INFO][CHAT_LOG USER_ID: 6850815619 Query: god]
[2024-08-14 19:44:46,869][INFO][MESSAGE_SENT_TO_COMMON_QUEUE_FROM_TELEGRAM USER_ID: 6850815619]
[2024-08-14 19:44:46,869][INFO][MESSAGE_SENT_TO_COMMON_QUEUE_FROM_BACKEND USER_ID: 6850815619]
[2024-08-15 09:05:15,433][INFO][THREAD ID: 1 NAME: TELEGRAM_LISTENER  STARTED]
[2024-08-15 09:05:15,434][INFO][THREAD ID: 4 NAME: TELEGRAM_RESPONSE_QUEUE STARTED]
[2024-08-15 09:05:15,435][INFO][THREAD ID: 2 NAME: BACKEND THREAD STARTED]
[2024-08-15 09:05:17,268][INFO][CHAT_LOG USER_ID: 6768166922 Query: Hi]
[2024-08-15 09:05:17,268][INFO][MESSAGE_SENT_TO_COMMON_QUEUE_FROM_TELEGRAM USER_ID: 6768166922]
[2024-08-15 09:05:17,270][INFO][MESSAGE_SENT_TO_COMMON_QUEUE_FROM_BACKEND USER_ID: 6768166922]
[2024-08-15 09:05:26,170][INFO][CHAT_LOG USER_ID: 6768166922 Query: Hi]
[2024-08-15 09:05:26,170][INFO][MESSAGE_SENT_TO_COMMON_QUEUE_FROM_TELEGRAM USER_ID: 6768166922]
[2024-08-15 09:05:26,170][INFO][MESSAGE_SENT_TO_COMMON_QUEUE_FROM_BACKEND USER_ID: 6768166922]
[2024-08-15 09:05:52,849][INFO][CHAT_LOG USER_ID: 6768166922 Query: Good]
[2024-08-15 09:05:52,850][INFO][MESSAGE_SENT_TO_COMMON_QUEUE_FROM_TELEGRAM USER_ID: 6768166922]
[2024-08-15 09:05:52,850][INFO][MESSAGE_SENT_TO_COMMON_QUEUE_FROM_BACKEND USER_ID: 6768166922]
[2024-08-15 09:09:24,352][INFO][THREAD ID: 1 NAME: TELEGRAM_LISTENER  STARTED]
[2024-08-15 09:09:24,352][INFO][THREAD ID: 4 NAME: TELEGRAM_RESPONSE_QUEUE STARTED]
[2024-08-15 09:09:24,352][INFO][THREAD ID: 2 NAME: BACKEND THREAD STARTED]
[2024-08-15 09:09:30,100][INFO][CHAT_LOG USER_ID: 6768166922 Query: Hi]
[2024-08-15 09:09:30,100][INFO][MESSAGE_SENT_TO_COMMON_QUEUE_FROM_TELEGRAM USER_ID: 6768166922]
[2024-08-15 09:09:30,100][INFO][MESSAGE_SENT_TO_COMMON_QUEUE_FROM_BACKEND USER_ID: 6768166922]
[2024-08-15 09:09:46,057][INFO][CHAT_LOG USER_ID: 6768166922 Query: Next]
[2024-08-15 09:09:46,057][INFO][MESSAGE_SENT_TO_COMMON_QUEUE_FROM_TELEGRAM USER_ID: 6768166922]
[2024-08-15 09:09:46,057][INFO][MESSAGE_SENT_TO_COMMON_QUEUE_FROM_BACKEND USER_ID: 6768166922]
[2024-08-15 09:09:49,101][INFO][CHAT_LOG USER_ID: 6768166922 Query: H]
[2024-08-15 09:09:49,101][INFO][MESSAGE_SENT_TO_COMMON_QUEUE_FROM_TELEGRAM USER_ID: 6768166922]
[2024-08-15 09:09:49,101][INFO][MESSAGE_SENT_TO_COMMON_QUEUE_FROM_BACKEND USER_ID: 6768166922]
[2024-08-15 09:20:55,190][INFO][THREAD ID: 1 NAME: TELEGRAM_LISTENER  STARTED]
[2024-08-15 09:20:55,190][INFO][THREAD ID: 4 NAME: TELEGRAM_RESPONSE_QUEUE STARTED]
[2024-08-15 09:20:55,190][INFO][THREAD ID: 2 NAME: BACKEND THREAD STARTED]
[2024-08-15 09:21:00,921][INFO][CHAT_LOG USER_ID: 6768166922 Query: Hi]
[2024-08-15 09:21:00,921][INFO][MESSAGE_SENT_TO_COMMON_QUEUE_FROM_TELEGRAM USER_ID: 6768166922]
[2024-08-15 09:21:00,921][INFO][MESSAGE_SENT_TO_COMMON_QUEUE_FROM_BACKEND USER_ID: 6768166922]
[2024-08-15 09:21:22,086][INFO][THREAD ID: 1 NAME: TELEGRAM_LISTENER  STARTED]
[2024-08-15 09:21:22,087][INFO][THREAD ID: 4 NAME: TELEGRAM_RESPONSE_QUEUE STARTED]
[2024-08-15 09:21:22,087][INFO][THREAD ID: 2 NAME: BACKEND THREAD STARTED]
[2024-08-15 09:21:25,633][INFO][CHAT_LOG USER_ID: 6768166922 Query: C]
[2024-08-15 09:21:25,633][INFO][MESSAGE_SENT_TO_COMMON_QUEUE_FROM_TELEGRAM USER_ID: 6768166922]
[2024-08-15 09:21:25,634][INFO][MESSAGE_SENT_TO_COMMON_QUEUE_FROM_BACKEND USER_ID: 6768166922]
[2024-08-15 09:22:12,431][INFO][THREAD ID: 1 NAME: TELEGRAM_LISTENER  STARTED]
[2024-08-15 09:22:12,431][INFO][THREAD ID: 4 NAME: TELEGRAM_RESPONSE_QUEUE STARTED]
[2024-08-15 09:22:12,431][INFO][THREAD ID: 2 NAME: BACKEND THREAD STARTED]
[2024-08-15 09:22:16,489][INFO][CHAT_LOG USER_ID: 6768166922 Query: J]
[2024-08-15 09:22:16,489][INFO][MESSAGE_SENT_TO_COMMON_QUEUE_FROM_TELEGRAM USER_ID: 6768166922]
[2024-08-15 09:22:16,489][INFO][MESSAGE_SENT_TO_COMMON_QUEUE_FROM_BACKEND USER_ID: 6768166922]
[2024-08-15 09:23:05,639][INFO][THREAD ID: 1 NAME: TELEGRAM_LISTENER  STARTED]
[2024-08-15 09:23:05,647][INFO][THREAD ID: 2 NAME: BACKEND THREAD STARTED]
[2024-08-15 09:24:08,860][INFO][THREAD ID: 1 NAME: TELEGRAM_LISTENER  STARTED]
[2024-08-15 09:24:08,860][INFO][THREAD ID: 4 NAME: TELEGRAM_RESPONSE_QUEUE STARTED]
[2024-08-15 09:24:08,860][INFO][THREAD ID: 2 NAME: BACKEND THREAD STARTED]
[2024-08-15 09:24:13,403][INFO][CHAT_LOG USER_ID: 6768166922 Query: B]
[2024-08-15 09:24:13,403][INFO][MESSAGE_SENT_TO_COMMON_QUEUE_FROM_TELEGRAM USER_ID: 6768166922]
[2024-08-15 09:24:13,403][INFO][MESSAGE_SENT_TO_COMMON_QUEUE_FROM_BACKEND USER_ID: 6768166922]
[2024-08-15 09:24:37,011][INFO][CHAT_LOG USER_ID: 6768166922 Query: Oh]
[2024-08-15 09:24:37,011][INFO][MESSAGE_SENT_TO_COMMON_QUEUE_FROM_TELEGRAM USER_ID: 6768166922]
[2024-08-15 09:24:37,011][INFO][MESSAGE_SENT_TO_COMMON_QUEUE_FROM_BACKEND USER_ID: 6768166922]
[2024-08-15 09:24:57,319][INFO][CHAT_LOG USER_ID: 6768166922 Query: Nice]
[2024-08-15 09:24:57,319][INFO][MESSAGE_SENT_TO_COMMON_QUEUE_FROM_TELEGRAM USER_ID: 6768166922]
[2024-08-15 09:24:57,319][INFO][MESSAGE_SENT_TO_COMMON_QUEUE_FROM_BACKEND USER_ID: 6768166922]
[2024-08-15 09:41:30,844][INFO][THREAD ID: 1 NAME: TELEGRAM_LISTENER  STARTED]
[2024-08-15 09:41:30,844][INFO][THREAD ID: 4 NAME: TELEGRAM_RESPONSE_QUEUE STARTED]
[2024-08-15 09:41:30,844][INFO][THREAD ID: 2 NAME: BACKEND THREAD STARTED]
[2024-08-15 09:41:41,761][ERROR][can only concatenate str (not "int") to str]
[2024-08-15 09:41:58,672][INFO][CHAT_LOG USER_ID: 6768166922 Query: Oh]
[2024-08-15 09:41:58,672][INFO][MESSAGE_SENT_TO_COMMON_QUEUE_FROM_TELEGRAM USER_ID: 6768166922]
[2024-08-15 09:41:58,672][INFO][MESSAGE_SENT_TO_COMMON_QUEUE_FROM_BACKEND USER_ID: 6768166922]
[2024-08-15 09:42:30,262][INFO][CHAT_LOG USER_ID: 6768166922 Query: Good]
[2024-08-15 09:42:30,262][INFO][MESSAGE_SENT_TO_COMMON_QUEUE_FROM_TELEGRAM USER_ID: 6768166922]
[2024-08-15 09:42:30,262][INFO][MESSAGE_SENT_TO_COMMON_QUEUE_FROM_BACKEND USER_ID: 6768166922]
[2024-08-15 09:56:09,620][INFO][THREAD ID: 1 NAME: TELEGRAM_LISTENER  STARTED]
[2024-08-15 09:56:09,620][INFO][THREAD ID: 4 NAME: TELEGRAM_RESPONSE_QUEUE STARTED]
[2024-08-15 09:56:09,635][INFO][THREAD ID: 2 NAME: BACKEND THREAD STARTED]
[2024-08-15 09:56:14,513][ERROR][can only concatenate str (not "int") to str]
[2024-08-15 09:56:40,580][ERROR][no such table: groups]
[2024-08-15 09:58:30,327][INFO][CHAT_LOG USER_ID: 6768166922 Query: Yoo]
[2024-08-15 09:58:30,327][INFO][MESSAGE_SENT_TO_COMMON_QUEUE_FROM_TELEGRAM USER_ID: 6768166922]
[2024-08-15 09:58:30,327][INFO][MESSAGE_SENT_TO_COMMON_QUEUE_FROM_BACKEND USER_ID: 6768166922]
[2024-08-15 09:59:46,606][ERROR][can only concatenate str (not "int") to str]
[2024-08-15 10:06:31,543][INFO][THREAD ID: 1 NAME: TELEGRAM_LISTENER  STARTED]
[2024-08-15 10:06:31,543][INFO][THREAD ID: 4 NAME: TELEGRAM_RESPONSE_QUEUE STARTED]
[2024-08-15 10:06:31,543][INFO][THREAD ID: 2 NAME: BACKEND THREAD STARTED]
[2024-08-15 10:06:55,651][INFO][CHAT_LOG USER_ID: 6850815619 Query: hi]
[2024-08-15 10:06:55,651][INFO][MESSAGE_SENT_TO_COMMON_QUEUE_FROM_TELEGRAM USER_ID: 6850815619]
[2024-08-15 10:06:55,651][INFO][MESSAGE_SENT_TO_COMMON_QUEUE_FROM_BACKEND USER_ID: 6850815619]
[2024-08-15 10:08:35,882][INFO][THREAD ID: 1 NAME: TELEGRAM_LISTENER  STARTED]
[2024-08-15 10:08:35,882][INFO][THREAD ID: 4 NAME: TELEGRAM_RESPONSE_QUEUE STARTED]
[2024-08-15 10:08:35,882][INFO][THREAD ID: 2 NAME: BACKEND THREAD STARTED]
[2024-08-15 10:08:55,556][ERROR][Groupquiz() takes 2 positional arguments but 3 were given]
[2024-08-15 10:09:11,696][INFO][THREAD ID: 1 NAME: TELEGRAM_LISTENER  STARTED]
[2024-08-15 10:09:11,696][INFO][THREAD ID: 4 NAME: TELEGRAM_RESPONSE_QUEUE STARTED]
[2024-08-15 10:09:11,696][INFO][THREAD ID: 2 NAME: BACKEND THREAD STARTED]
[2024-08-15 10:09:18,277][ERROR]['coroutine' object has no attribute 'poll']
[2024-08-15 10:10:13,908][INFO][THREAD ID: 1 NAME: TELEGRAM_LISTENER  STARTED]
[2024-08-15 10:10:13,908][INFO][THREAD ID: 4 NAME: TELEGRAM_RESPONSE_QUEUE STARTED]
[2024-08-15 10:10:13,923][INFO][THREAD ID: 2 NAME: BACKEND THREAD STARTED]
[2024-08-15 10:10:18,948][INFO][CHAT_LOG USER_ID: 6850815619 Query: ypp]
[2024-08-15 10:10:18,948][INFO][MESSAGE_SENT_TO_COMMON_QUEUE_FROM_TELEGRAM USER_ID: 6850815619]
[2024-08-15 10:10:18,948][INFO][MESSAGE_SENT_TO_COMMON_QUEUE_FROM_BACKEND USER_ID: 6850815619]
[2024-08-15 10:12:28,281][INFO][THREAD ID: 1 NAME: TELEGRAM_LISTENER  STARTED]
[2024-08-15 10:12:28,281][INFO][THREAD ID: 4 NAME: TELEGRAM_RESPONSE_QUEUE STARTED]
[2024-08-15 10:12:28,281][INFO][THREAD ID: 2 NAME: BACKEND THREAD STARTED]
[2024-08-15 10:12:36,894][ERROR][object NoneType can't be used in 'await' expression]
[2024-08-15 10:13:11,161][INFO][THREAD ID: 1 NAME: TELEGRAM_LISTENER  STARTED]
[2024-08-15 10:13:11,161][INFO][THREAD ID: 4 NAME: TELEGRAM_RESPONSE_QUEUE STARTED]
[2024-08-15 10:13:11,161][INFO][THREAD ID: 2 NAME: BACKEND THREAD STARTED]
[2024-08-15 10:13:12,095][ERROR][Unhandled exception (full traceback for debug level): A request to the Telegram API was unsuccessful. Error code: 409. Description: Conflict: terminated by other getUpdates request; make sure that only one bot instance is running]
[2024-08-15 10:13:14,704][ERROR][object NoneType can't be used in 'await' expression]
[2024-08-15 10:21:07,097][INFO][THREAD ID: 1 NAME: TELEGRAM_LISTENER  STARTED]
[2024-08-15 10:21:07,097][INFO][THREAD ID: 4 NAME: TELEGRAM_RESPONSE_QUEUE STARTED]
[2024-08-15 10:21:07,097][INFO][THREAD ID: 2 NAME: BACKEND THREAD STARTED]
[2024-08-15 10:21:07,930][ERROR][Unhandled exception (full traceback for debug level): A request to the Telegram API was unsuccessful. Error code: 409. Description: Conflict: terminated by other getUpdates request; make sure that only one bot instance is running]
[2024-08-15 10:21:20,677][INFO][CHAT_LOG USER_ID: 6850815619 Query: ugub]
[2024-08-15 10:21:20,677][INFO][MESSAGE_SENT_TO_COMMON_QUEUE_FROM_TELEGRAM USER_ID: 6850815619]
[2024-08-15 10:21:20,677][INFO][MESSAGE_SENT_TO_COMMON_QUEUE_FROM_BACKEND USER_ID: 6850815619]
[2024-08-15 10:38:50,521][INFO][CHAT_LOG USER_ID: 6850815619 Query: pollll]
[2024-08-15 10:38:50,521][INFO][MESSAGE_SENT_TO_COMMON_QUEUE_FROM_TELEGRAM USER_ID: 6850815619]
[2024-08-15 10:38:50,521][INFO][MESSAGE_SENT_TO_COMMON_QUEUE_FROM_BACKEND USER_ID: 6850815619]
[2024-08-15 10:39:23,045][INFO][CHAT_LOG USER_ID: 6850815619 Query: ccc]
[2024-08-15 10:39:23,045][INFO][MESSAGE_SENT_TO_COMMON_QUEUE_FROM_TELEGRAM USER_ID: 6850815619]
[2024-08-15 10:39:23,045][INFO][MESSAGE_SENT_TO_COMMON_QUEUE_FROM_BACKEND USER_ID: 6850815619]
[2024-08-15 10:39:57,581][INFO][CHAT_LOG USER_ID: 6850815619 Query: iih]
[2024-08-15 10:39:57,581][INFO][MESSAGE_SENT_TO_COMMON_QUEUE_FROM_TELEGRAM USER_ID: 6850815619]
[2024-08-15 10:39:57,581][INFO][MESSAGE_SENT_TO_COMMON_QUEUE_FROM_BACKEND USER_ID: 6850815619]
[2024-08-15 10:45:06,239][INFO][CHAT_LOG USER_ID: 6850815619 Query: ADMIN_REQUEST_TRIGGER_QUIZ]
[2024-08-15 10:45:06,239][INFO][MESSAGE_SENT_TO_COMMON_QUEUE_FROM_TELEGRAM USER_ID: 6850815619]
[2024-08-15 10:45:06,240][INFO][MESSAGE_SENT_TO_COMMON_QUEUE_FROM_BACKEND USER_ID: 6850815619]
[2024-08-15 10:45:48,302][INFO][THREAD ID: 1 NAME: TELEGRAM_LISTENER  STARTED]
[2024-08-15 10:45:48,302][INFO][THREAD ID: 4 NAME: TELEGRAM_RESPONSE_QUEUE STARTED]
[2024-08-15 10:45:48,302][INFO][THREAD ID: 2 NAME: BACKEND THREAD STARTED]
[2024-08-15 10:45:55,946][INFO][CHAT_LOG USER_ID: 6850815619 Query: hi]
[2024-08-15 10:46:08,333][INFO][CHAT_LOG USER_ID: 6850815619 Query: ADMIN_REQUEST_TRIGGER_QUIZ]
[2024-08-15 10:46:42,255][ERROR]['6190446684254765602']
[2024-08-15 10:52:02,374][INFO][THREAD ID: 1 NAME: TELEGRAM_LISTENER  STARTED]
[2024-08-15 10:52:02,374][INFO][THREAD ID: 4 NAME: TELEGRAM_RESPONSE_QUEUE STARTED]
[2024-08-15 10:52:02,390][INFO][THREAD ID: 2 NAME: BACKEND THREAD STARTED]
[2024-08-15 10:52:22,695][INFO][GROUP_ID -1002214986910 QUIZ_ID 6190446684254765604 in poll \u092d\u093e\u0930\u0924 \u0915\u093e \u0938\u094d\u0935\u0924\u0902\u0924\u094d\u0930\u0924\u093e \u0938\u0902\u0917\u094d\u0930\u093e\u092e \u0915\u093f\u0938 \u0935\u0930\u094d\u0937 \u0936\u0941\u0930\u0942 \u0939\u0941\u0906?]
[2024-08-15 10:52:22,695][INFO][CHAT_LOG USER_ID: 6850815619 Query: ADMIN_REQUEST_TRIGGER_QUIZ]
[2024-08-15 11:54:56,998][INFO][THREAD ID: 1 NAME: TELEGRAM_LISTENER  STARTED]
[2024-08-15 11:54:56,998][INFO][THREAD ID: 4 NAME: TELEGRAM_RESPONSE_QUEUE STARTED]
[2024-08-15 11:54:56,998][INFO][THREAD ID: 2 NAME: BACKEND THREAD STARTED]
[2024-08-15 12:34:27,428][INFO][THREAD ID: 1 NAME: TELEGRAM_LISTENER  STARTED]
[2024-08-15 12:34:27,428][INFO][THREAD ID: 4 NAME: TELEGRAM_RESPONSE_QUEUE STARTED]
[2024-08-15 12:34:27,429][INFO][THREAD ID: 2 NAME: BACKEND THREAD STARTED]
[2024-08-15 12:35:27,940][INFO][CHAT_LOG USER_ID: 6768166922 Query: Hi]
[2024-08-15 12:35:27,941][INFO][MESSAGE_SENT_TO_COMMON_QUEUE_FROM_TELEGRAM USER_ID: 6768166922]
[2024-08-15 12:35:27,942][INFO][MESSAGE_SENT_TO_COMMON_QUEUE_FROM_BACKEND USER_ID: 6768166922]
[2024-08-15 12:35:27,943][INFO][BACKEND_RESPONSE_DROPPED]
[2024-08-15 12:35:34,832][INFO][CHAT_LOG USER_ID: 6768166922 Query: Cool]
[2024-08-15 12:35:34,832][INFO][MESSAGE_SENT_TO_COMMON_QUEUE_FROM_TELEGRAM USER_ID: 6768166922]
[2024-08-15 12:35:34,833][INFO][MESSAGE_SENT_TO_COMMON_QUEUE_FROM_BACKEND USER_ID: 6768166922]
[2024-08-15 12:35:34,834][INFO][BACKEND_RESPONSE_DROPPED]
[2024-08-15 12:35:40,512][INFO][CHAT_LOG USER_ID: 6768166922 Query: Looks great]
[2024-08-15 12:35:40,512][INFO][MESSAGE_SENT_TO_COMMON_QUEUE_FROM_TELEGRAM USER_ID: 6768166922]
[2024-08-15 12:35:40,512][INFO][MESSAGE_SENT_TO_COMMON_QUEUE_FROM_BACKEND USER_ID: 6768166922]
[2024-08-15 12:35:40,512][INFO][BACKEND_RESPONSE_DROPPED]
[2024-08-15 12:36:15,563][INFO][CHAT_LOG USER_ID: 6768166922 Query: ADMIN_REQUEST_TRIGGER_QUIZ]
[2024-08-15 12:36:15,563][INFO][MESSAGE_SENT_TO_COMMON_QUEUE_FROM_TELEGRAM USER_ID: 6768166922]
[2024-08-15 12:36:15,563][INFO][MESSAGE_SENT_TO_COMMON_QUEUE_FROM_BACKEND USER_ID: 6768166922]
[2024-08-15 12:36:15,563][INFO][BACKEND_RESPONSE_DROPPED]
[2024-08-15 12:40:17,189][INFO][CHAT_LOG USER_ID: 6768166922 Query: Hi]
[2024-08-15 12:40:17,189][INFO][MESSAGE_SENT_TO_COMMON_QUEUE_FROM_TELEGRAM USER_ID: 6768166922]
[2024-08-15 12:40:17,189][INFO][MESSAGE_SENT_TO_COMMON_QUEUE_FROM_BACKEND USER_ID: 6768166922]
[2024-08-15 12:40:17,189][INFO][BACKEND_RESPONSE_DROPPED]
[2024-08-15 12:40:21,478][INFO][CHAT_LOG USER_ID: 6768166922 Query: Hsb]
[2024-08-15 12:40:21,478][INFO][MESSAGE_SENT_TO_COMMON_QUEUE_FROM_TELEGRAM USER_ID: 6768166922]
[2024-08-15 12:40:21,478][INFO][MESSAGE_SENT_TO_COMMON_QUEUE_FROM_BACKEND USER_ID: 6768166922]
[2024-08-15 12:40:21,493][INFO][BACKEND_RESPONSE_DROPPED]
[2024-08-15 12:41:20,178][INFO][GROUP_ID -1002214986910 QUIZ_ID 6190446684254765611 in poll \u092d\u093e\u0930\u0924\u0940\u092f \u0938\u0902\u0935\u093f\u0927\u093e\u0928 \u0915\u0947 \u0915\u093f\u0938 \u0905\u0928\u0941\u091a\u094d\u091b\u0947\u0926 \u092e\u0947\u0902 \u0930\u093e\u0937\u094d\u091f\u094d\u0930\u092a\u0924\u093f \u0915\u0947 \u091a\u0941\u0928\u093e\u0935 \u0915\u0940 \u092a\u094d\u0930\u0915\u094d\u0930\u093f\u092f\u093e \u0915\u0940 \u092c\u093e\u0924 \u0915\u0940 \u0917\u0908 \u0939\u0948?]
[2024-08-15 12:41:20,186][INFO][CHAT_LOG USER_ID: 6768166922 Query: ADMIN_REQUEST_TRIGGER_QUIZ]
[2024-08-15 12:41:20,186][INFO][MESSAGE_SENT_TO_COMMON_QUEUE_FROM_TELEGRAM USER_ID: 6768166922]
[2024-08-15 12:41:20,187][INFO][MESSAGE_SENT_TO_COMMON_QUEUE_FROM_BACKEND USER_ID: 6768166922]
[2024-08-15 12:41:20,188][INFO][BACKEND_RESPONSE_DROPPED]
[2024-08-15 12:41:30,193][INFO][User 6768166922 selected option 0 in poll 6190446684254765611]
[2024-08-15 12:41:43,592][INFO][User 6850815619 selected option 0 in poll 6190446684254765611]
[2024-08-15 12:52:33,650][ERROR][Aiohttp ClientError: ServerDisconnectedError]
[2024-08-15 12:52:33,650][ERROR][Unhandled exception (full traceback for debug level): Request timeout. Request: method=get url=getUpdates params=<aiohttp.formdata.FormData object at 0x0000021804330D60> files=None request_timeout=300]
[2024-08-15 12:54:50,042][INFO][THREAD ID: 1 NAME: TELEGRAM_LISTENER  STARTED]
[2024-08-15 12:54:50,043][INFO][THREAD ID: 4 NAME: TELEGRAM_RESPONSE_QUEUE STARTED]
[2024-08-15 12:54:50,043][INFO][THREAD ID: 2 NAME: BACKEND THREAD STARTED]
[2024-08-15 12:55:28,792][INFO][EXISTING_USER: 6768166922]
[2024-08-15 12:55:28,792][INFO][CHAT_LOG USER_ID: 6768166922 Query: Hi]
[2024-08-15 12:55:28,792][INFO][MESSAGE_SENT_TO_COMMON_QUEUE_FROM_TELEGRAM USER_ID: 6768166922]
[2024-08-15 12:55:28,792][INFO][MESSAGE_SENT_TO_COMMON_QUEUE_FROM_BACKEND USER_ID: 6768166922]
[2024-08-15 12:55:28,792][INFO][BACKEND_RESPONSE_DROPPED]
[2024-08-15 12:55:37,872][INFO][GROUP_ID -1002214986910 QUIZ_ID 6190446684254765613 in poll What is the term for a substance that increases the rate of a chemical reaction without being consumed?]
[2024-08-15 12:55:37,872][INFO][EXISTING_USER: 6768166922]
[2024-08-15 12:55:37,872][INFO][CHAT_LOG USER_ID: 6768166922 Query: ADMIN_REQUEST_TRIGGER_QUIZ]
[2024-08-15 12:55:37,872][INFO][MESSAGE_SENT_TO_COMMON_QUEUE_FROM_TELEGRAM USER_ID: 6768166922]
[2024-08-15 12:55:37,872][INFO][MESSAGE_SENT_TO_COMMON_QUEUE_FROM_BACKEND USER_ID: 6768166922]
[2024-08-15 12:55:37,872][INFO][BACKEND_RESPONSE_DROPPED]
[2024-08-15 12:55:57,655][INFO][User 6768166922 selected option 2 in poll 6190446684254765613]
[2024-08-15 12:56:21,654][INFO][EXISTING_USER_GROUP: ID: -1002214986910]
[2024-08-15 12:56:21,669][INFO][NEW_USER_REGISTERED: 6850815619]
[2024-08-15 12:56:21,669][INFO][CHAT_LOG USER_ID: 6850815619 Query: hi]
[2024-08-15 12:56:21,669][INFO][MESSAGE_SENT_TO_COMMON_QUEUE_FROM_TELEGRAM USER_ID: 6850815619]
[2024-08-15 12:56:21,669][INFO][MESSAGE_SENT_TO_COMMON_QUEUE_FROM_BACKEND USER_ID: 6850815619]
[2024-08-15 12:56:21,669][INFO][BACKEND_RESPONSE_DROPPED]
[2024-08-15 12:58:52,627][INFO][THREAD ID: 1 NAME: TELEGRAM_LISTENER  STARTED]
[2024-08-15 12:58:52,627][INFO][THREAD ID: 4 NAME: TELEGRAM_RESPONSE_QUEUE STARTED]
[2024-08-15 12:58:52,627][INFO][THREAD ID: 2 NAME: BACKEND THREAD STARTED]
[2024-08-15 13:19:47,690][ERROR]['6190446684254765613']
[2024-08-15 13:39:55,471][INFO][NEW_USER_REGISTERED: 745965990]
[2024-08-15 13:39:55,471][INFO][CHAT_LOG USER_ID: 745965990 Query: /start]
[2024-08-15 13:39:55,471][INFO][MESSAGE_SENT_TO_COMMON_QUEUE_FROM_TELEGRAM USER_ID: 745965990]
[2024-08-15 13:39:55,471][INFO][MESSAGE_SENT_TO_COMMON_QUEUE_FROM_BACKEND USER_ID: 745965990]
[2024-08-15 13:39:55,471][INFO][BACKEND_RESPONSE_DROPPED]
[2024-08-15 13:40:03,820][INFO][EXISTING_USER: 745965990]
[2024-08-15 13:40:03,820][INFO][CHAT_LOG USER_ID: 745965990 Query: /start]
[2024-08-15 13:40:03,820][INFO][MESSAGE_SENT_TO_COMMON_QUEUE_FROM_TELEGRAM USER_ID: 745965990]
[2024-08-15 13:40:03,820][INFO][MESSAGE_SENT_TO_COMMON_QUEUE_FROM_BACKEND USER_ID: 745965990]
[2024-08-15 13:40:03,820][INFO][BACKEND_RESPONSE_DROPPED]
[2024-08-15 14:30:13,303][INFO][GROUP_ID -1002214986910 QUIZ_ID 6190446684254765619 in poll What is the chemical symbol for Potassium?]
[2024-08-15 14:30:13,303][INFO][EXISTING_USER: 6768166922]
[2024-08-15 14:30:13,303][INFO][CHAT_LOG USER_ID: 6768166922 Query: ADMIN_REQUEST_TRIGGER_QUIZ]
[2024-08-15 14:30:13,303][INFO][MESSAGE_SENT_TO_COMMON_QUEUE_FROM_TELEGRAM USER_ID: 6768166922]
[2024-08-15 14:30:13,303][INFO][MESSAGE_SENT_TO_COMMON_QUEUE_FROM_BACKEND USER_ID: 6768166922]
[2024-08-15 14:30:13,303][INFO][BACKEND_RESPONSE_DROPPED]
[2024-08-15 14:30:24,112][INFO][User 6768166922 selected option 1 in poll 6190446684254765619]
[2024-08-15 18:56:05,224][INFO][THREAD ID: 1 NAME: TELEGRAM_LISTENER  STARTED]
[2024-08-15 18:56:05,225][INFO][THREAD ID: 4 NAME: TELEGRAM_RESPONSE_QUEUE STARTED]
[2024-08-15 18:56:05,225][INFO][THREAD ID: 2 NAME: BACKEND THREAD STARTED]
[2024-08-15 18:56:06,318][INFO][NEW_USER_REGISTERED: 7403268900]
[2024-08-15 18:56:06,318][INFO][CHAT_LOG USER_ID: 7403268900 Query: /start]
[2024-08-15 18:56:06,318][INFO][MESSAGE_SENT_TO_COMMON_QUEUE_FROM_TELEGRAM USER_ID: 7403268900]
[2024-08-15 18:56:06,333][INFO][MESSAGE_SENT_TO_COMMON_QUEUE_FROM_BACKEND USER_ID: 7403268900]
[2024-08-15 18:56:06,333][INFO][BACKEND_RESPONSE_DROPPED]
[2024-08-15 18:56:06,349][INFO][NEW_USER_REGISTERED: 1891078591]
[2024-08-15 18:56:06,349][INFO][CHAT_LOG USER_ID: 1891078591 Query: /start]
[2024-08-15 18:56:06,349][INFO][MESSAGE_SENT_TO_COMMON_QUEUE_FROM_TELEGRAM USER_ID: 1891078591]
[2024-08-15 18:56:06,349][INFO][MESSAGE_SENT_TO_COMMON_QUEUE_FROM_BACKEND USER_ID: 1891078591]
[2024-08-15 18:56:06,349][INFO][BACKEND_RESPONSE_DROPPED]
[2024-08-15 18:56:06,355][INFO][EXISTING_USER: 1891078591]
[2024-08-15 18:56:06,355][INFO][CHAT_LOG USER_ID: 1891078591 Query: /start]
[2024-08-15 18:56:06,355][INFO][MESSAGE_SENT_TO_COMMON_QUEUE_FROM_TELEGRAM USER_ID: 1891078591]
[2024-08-15 18:56:06,355][INFO][MESSAGE_SENT_TO_COMMON_QUEUE_FROM_BACKEND USER_ID: 1891078591]
[2024-08-15 18:56:06,355][INFO][BACKEND_RESPONSE_DROPPED]
[2024-08-15 18:56:06,371][INFO][NEW_GROUP_REGISTERED: ID: -1001443029040]
[2024-08-15 18:56:06,393][INFO][NEW_USER_REGISTERED: 6838148174]
[2024-08-15 18:56:06,393][INFO][CHAT_LOG USER_ID: 6838148174 Query: Kidhrrr]
[2024-08-15 18:56:06,393][INFO][MESSAGE_SENT_TO_COMMON_QUEUE_FROM_TELEGRAM USER_ID: 6838148174]
[2024-08-15 18:56:06,393][INFO][MESSAGE_SENT_TO_COMMON_QUEUE_FROM_BACKEND USER_ID: 6838148174]
[2024-08-15 18:56:06,393][INFO][BACKEND_RESPONSE_DROPPED]
[2024-08-15 18:56:06,397][INFO][EXISTING_USER_GROUP: ID: -1001443029040]
[2024-08-15 18:56:06,397][INFO][EXISTING_USER: 6838148174]
[2024-08-15 18:56:06,397][INFO][CHAT_LOG USER_ID: 6838148174 Query: Dost dost na rha]
[2024-08-15 18:56:06,397][INFO][MESSAGE_SENT_TO_COMMON_QUEUE_FROM_TELEGRAM USER_ID: 6838148174]
[2024-08-15 18:56:06,397][INFO][MESSAGE_SENT_TO_COMMON_QUEUE_FROM_BACKEND USER_ID: 6838148174]
[2024-08-15 18:56:06,397][INFO][BACKEND_RESPONSE_DROPPED]
[2024-08-15 18:56:06,397][INFO][EXISTING_USER_GROUP: ID: -1001443029040]
[2024-08-15 18:56:06,397][INFO][EXISTING_USER: 6838148174]
[2024-08-15 18:56:06,397][INFO][CHAT_LOG USER_ID: 6838148174 Query: Violation]
[2024-08-15 18:56:06,397][INFO][MESSAGE_SENT_TO_COMMON_QUEUE_FROM_TELEGRAM USER_ID: 6838148174]
[2024-08-15 18:56:06,397][INFO][MESSAGE_SENT_TO_COMMON_QUEUE_FROM_BACKEND USER_ID: 6838148174]
[2024-08-15 18:56:06,397][INFO][BACKEND_RESPONSE_DROPPED]
[2024-08-15 18:56:06,397][INFO][EXISTING_USER_GROUP: ID: -1001443029040]
[2024-08-15 18:56:06,397][INFO][EXISTING_USER: 6838148174]
[2024-08-15 18:56:06,397][INFO][CHAT_LOG USER_ID: 6838148174 Query: Violation]
[2024-08-15 18:56:06,397][INFO][MESSAGE_SENT_TO_COMMON_QUEUE_FROM_TELEGRAM USER_ID: 6838148174]
[2024-08-15 18:56:06,412][INFO][MESSAGE_SENT_TO_COMMON_QUEUE_FROM_BACKEND USER_ID: 6838148174]
[2024-08-15 18:56:06,412][INFO][BACKEND_RESPONSE_DROPPED]
[2024-08-15 18:56:06,445][INFO][NEW_USER_REGISTERED: 6896671857]
[2024-08-15 18:56:06,457][INFO][CHAT_LOG USER_ID: 6896671857 Query: /start]
[2024-08-15 18:56:06,458][INFO][MESSAGE_SENT_TO_COMMON_QUEUE_FROM_TELEGRAM USER_ID: 6896671857]
[2024-08-15 18:56:06,458][INFO][MESSAGE_SENT_TO_COMMON_QUEUE_FROM_BACKEND USER_ID: 6896671857]
[2024-08-15 18:56:06,458][INFO][BACKEND_RESPONSE_DROPPED]
[2024-08-15 18:56:06,461][INFO][EXISTING_USER: 6896671857]
[2024-08-15 18:56:06,461][INFO][CHAT_LOG USER_ID: 6896671857 Query: /start]
[2024-08-15 18:56:06,461][INFO][MESSAGE_SENT_TO_COMMON_QUEUE_FROM_TELEGRAM USER_ID: 6896671857]
[2024-08-15 18:56:06,461][INFO][MESSAGE_SENT_TO_COMMON_QUEUE_FROM_BACKEND USER_ID: 6896671857]
[2024-08-15 18:56:06,461][INFO][BACKEND_RESPONSE_DROPPED]
[2024-08-15 19:02:06,230][INFO][EXISTING_USER: 6850815619]
[2024-08-15 19:02:06,230][INFO][CHAT_LOG USER_ID: 6850815619 Query: /start]
[2024-08-15 19:02:06,230][INFO][MESSAGE_SENT_TO_COMMON_QUEUE_FROM_TELEGRAM USER_ID: 6850815619]
[2024-08-15 19:02:06,230][INFO][MESSAGE_SENT_TO_COMMON_QUEUE_FROM_BACKEND USER_ID: 6850815619]
[2024-08-15 19:02:06,236][INFO][BACKEND_RESPONSE_DROPPED]
[2024-08-15 19:02:12,751][INFO][GROUP_ID -1002214986910 QUIZ_ID 6192698484068451727 in poll \u0935\u094b \u0915\u094c\u0928 \u0938\u093e \u092e\u0939\u093e\u0938\u093e\u0917\u0930 \u0939\u0948 \u091c\u093f\u0938\u092e\u0947\u0902 '\u0939\u0935\u093e\u0908 \u0926\u094d\u0935\u0940\u092a' \u0938\u094d\u0925\u093f\u0924 \u0939\u0948?]
[2024-08-15 19:02:14,175][INFO][GROUP_ID -1001443029040 QUIZ_ID 6192686123152573235 in poll What is the name of the layer of the Earth that lies between the crust and the core?]
[2024-08-15 19:02:14,178][INFO][EXISTING_USER: 6850815619]
[2024-08-15 19:02:14,178][INFO][CHAT_LOG USER_ID: 6850815619 Query: ADMIN_REQUEST_TRIGGER_QUIZ]
[2024-08-15 19:02:14,178][INFO][MESSAGE_SENT_TO_COMMON_QUEUE_FROM_TELEGRAM USER_ID: 6850815619]
[2024-08-15 19:02:14,178][INFO][MESSAGE_SENT_TO_COMMON_QUEUE_FROM_BACKEND USER_ID: 6850815619]
[2024-08-15 19:02:14,178][INFO][BACKEND_RESPONSE_DROPPED]
[2024-08-15 19:02:49,712][INFO][User 6945701651 selected option 1 in poll 6192686123152573235]
[2024-08-15 19:18:04,542][INFO][User 7400370356 selected option 2 in poll 6192686123152573235]
[2024-08-15 19:18:15,443][INFO][User 7400370356 selected option 1 in poll 6192686123152573235]
[2024-08-15 19:19:39,224][INFO][EXISTING_USER_GROUP: ID: -1001443029040]
[2024-08-15 19:19:39,237][INFO][NEW_USER_REGISTERED: 7363232916]
[2024-08-15 19:19:39,237][INFO][CHAT_LOG USER_ID: 7363232916 Query: /filters]
[2024-08-15 19:19:39,237][INFO][MESSAGE_SENT_TO_COMMON_QUEUE_FROM_TELEGRAM USER_ID: 7363232916]
[2024-08-15 19:19:39,237][INFO][MESSAGE_SENT_TO_COMMON_QUEUE_FROM_BACKEND USER_ID: 7363232916]
[2024-08-15 19:19:39,237][INFO][BACKEND_RESPONSE_DROPPED]
[2024-08-15 19:20:53,207][INFO][EXISTING_USER_GROUP: ID: -1001443029040]
[2024-08-15 19:20:53,208][INFO][EXISTING_USER: 7363232916]
[2024-08-15 19:20:53,208][INFO][CHAT_LOG USER_ID: 7363232916 Query: @toxic97x]
[2024-08-15 19:20:53,208][INFO][MESSAGE_SENT_TO_COMMON_QUEUE_FROM_TELEGRAM USER_ID: 7363232916]
[2024-08-15 19:20:53,208][INFO][MESSAGE_SENT_TO_COMMON_QUEUE_FROM_BACKEND USER_ID: 7363232916]
[2024-08-15 19:20:53,208][INFO][BACKEND_RESPONSE_DROPPED]
[2024-08-15 19:21:12,716][INFO][EXISTING_USER_GROUP: ID: -1001443029040]
[2024-08-15 19:21:12,716][INFO][EXISTING_USER: 7363232916]
[2024-08-15 19:21:12,716][INFO][CHAT_LOG USER_ID: 7363232916 Query: /stop @toxic97x]
[2024-08-15 19:21:12,716][INFO][MESSAGE_SENT_TO_COMMON_QUEUE_FROM_TELEGRAM USER_ID: 7363232916]
[2024-08-15 19:21:12,716][INFO][MESSAGE_SENT_TO_COMMON_QUEUE_FROM_BACKEND USER_ID: 7363232916]
[2024-08-15 19:21:12,716][INFO][BACKEND_RESPONSE_DROPPED]
[2024-08-15 19:21:36,621][INFO][EXISTING_USER_GROUP: ID: -1001443029040]
[2024-08-15 19:21:36,621][INFO][EXISTING_USER: 7363232916]
[2024-08-15 19:21:36,621][INFO][CHAT_LOG USER_ID: 7363232916 Query: Toxxiicc]
[2024-08-15 19:21:36,621][INFO][MESSAGE_SENT_TO_COMMON_QUEUE_FROM_TELEGRAM USER_ID: 7363232916]
[2024-08-15 19:21:36,621][INFO][MESSAGE_SENT_TO_COMMON_QUEUE_FROM_BACKEND USER_ID: 7363232916]
[2024-08-15 19:21:36,621][INFO][BACKEND_RESPONSE_DROPPED]
[2024-08-15 19:21:46,254][INFO][EXISTING_USER_GROUP: ID: -1001443029040]
[2024-08-15 19:21:46,258][INFO][EXISTING_USER: 7363232916]
[2024-08-15 19:21:46,258][INFO][CHAT_LOG USER_ID: 7363232916 Query: /stop Toxxiicc]
[2024-08-15 19:21:46,258][INFO][MESSAGE_SENT_TO_COMMON_QUEUE_FROM_TELEGRAM USER_ID: 7363232916]
[2024-08-15 19:21:46,258][INFO][MESSAGE_SENT_TO_COMMON_QUEUE_FROM_BACKEND USER_ID: 7363232916]
[2024-08-15 19:21:46,258][INFO][BACKEND_RESPONSE_DROPPED]
[2024-08-15 19:22:01,864][INFO][EXISTING_USER_GROUP: ID: -1001443029040]
[2024-08-15 19:22:01,865][INFO][EXISTING_USER: 7363232916]
[2024-08-15 19:22:01,865][INFO][CHAT_LOG USER_ID: 7363232916 Query: Toxic]
[2024-08-15 19:22:01,865][INFO][MESSAGE_SENT_TO_COMMON_QUEUE_FROM_TELEGRAM USER_ID: 7363232916]
[2024-08-15 19:22:01,865][INFO][MESSAGE_SENT_TO_COMMON_QUEUE_FROM_BACKEND USER_ID: 7363232916]
[2024-08-15 19:22:01,865][INFO][BACKEND_RESPONSE_DROPPED]
[2024-08-15 19:22:10,955][INFO][EXISTING_USER_GROUP: ID: -1001443029040]
[2024-08-15 19:22:10,955][INFO][EXISTING_USER: 7363232916]
[2024-08-15 19:22:10,955][INFO][CHAT_LOG USER_ID: 7363232916 Query: /stop toxic]
[2024-08-15 19:22:10,955][INFO][MESSAGE_SENT_TO_COMMON_QUEUE_FROM_TELEGRAM USER_ID: 7363232916]
[2024-08-15 19:22:10,968][INFO][MESSAGE_SENT_TO_COMMON_QUEUE_FROM_BACKEND USER_ID: 7363232916]
[2024-08-15 19:22:10,968][INFO][BACKEND_RESPONSE_DROPPED]
[2024-08-15 19:22:20,313][INFO][EXISTING_USER_GROUP: ID: -1001443029040]
[2024-08-15 19:22:20,313][INFO][EXISTING_USER: 7363232916]
[2024-08-15 19:22:20,313][INFO][CHAT_LOG USER_ID: 7363232916 Query: T]
[2024-08-15 19:22:20,313][INFO][MESSAGE_SENT_TO_COMMON_QUEUE_FROM_TELEGRAM USER_ID: 7363232916]
[2024-08-15 19:22:20,317][INFO][MESSAGE_SENT_TO_COMMON_QUEUE_FROM_BACKEND USER_ID: 7363232916]
[2024-08-15 19:22:20,317][INFO][BACKEND_RESPONSE_DROPPED]
[2024-08-15 19:43:56,074][INFO][EXISTING_USER_GROUP: ID: -1001443029040]
[2024-08-15 19:43:56,095][INFO][NEW_USER_REGISTERED: 6945701651]
[2024-08-15 19:43:56,095][INFO][CHAT_LOG USER_ID: 6945701651 Query: Itni jldi time up\U0001f972]
[2024-08-15 19:43:56,098][INFO][MESSAGE_SENT_TO_COMMON_QUEUE_FROM_TELEGRAM USER_ID: 6945701651]
[2024-08-15 19:43:56,098][INFO][MESSAGE_SENT_TO_COMMON_QUEUE_FROM_BACKEND USER_ID: 6945701651]
[2024-08-15 19:43:56,102][INFO][BACKEND_RESPONSE_DROPPED]
[2024-08-15 19:54:48,763][INFO][GROUP_ID -1002214986910 QUIZ_ID 6192698484068451730 in poll \u0915\u0947\u0902\u0926\u094d\u0930 \u0938\u0930\u0915\u093e\u0930 \u0915\u0940 \u0905\u0927\u093f\u0938\u0942\u091a\u0928\u093e\u0913\u0902 \u0915\u093e \u0928\u093f\u0917\u0930\u093e\u0928\u0940 \u0915\u094c\u0928 \u0915\u0930\u0924\u093e \u0939\u0948?]
[2024-08-15 19:54:49,798][INFO][GROUP_ID -1001443029040 QUIZ_ID 6192686123152573241 in poll \u092d\u093e\u0930\u0924 \u0915\u0947 \u0938\u092c\u0938\u0947 \u092c\u0921\u093c\u0947 \u0930\u093e\u0937\u094d\u091f\u094d\u0930\u0940\u092f \u092a\u093e\u0930\u094d\u0915 \u0915\u093e \u0928\u093e\u092e \u0915\u094d\u092f\u093e \u0939\u0948?]
[2024-08-15 19:54:49,798][INFO][EXISTING_USER: 6850815619]
[2024-08-15 19:54:49,798][INFO][CHAT_LOG USER_ID: 6850815619 Query: ADMIN_REQUEST_TRIGGER_QUIZ]
[2024-08-15 19:54:49,798][INFO][MESSAGE_SENT_TO_COMMON_QUEUE_FROM_TELEGRAM USER_ID: 6850815619]
[2024-08-15 19:54:49,798][INFO][MESSAGE_SENT_TO_COMMON_QUEUE_FROM_BACKEND USER_ID: 6850815619]
[2024-08-15 19:54:49,798][INFO][BACKEND_RESPONSE_DROPPED]
[2024-08-15 19:54:59,648][INFO][User 6850815619 selected option 0 in poll 6192698484068451730]
[2024-08-15 19:56:11,736][INFO][User 6945701651 selected option 1 in poll 6192686123152573241]
[2024-08-15 20:02:48,543][INFO][THREAD ID: 1 NAME: TELEGRAM_LISTENER  STARTED]
[2024-08-15 20:02:48,552][INFO][THREAD ID: 4 NAME: TELEGRAM_RESPONSE_QUEUE STARTED]
[2024-08-15 20:02:48,553][INFO][THREAD ID: 2 NAME: BACKEND THREAD STARTED]
[2024-08-15 20:03:30,130][INFO][GROUP_ID -1002214986910 QUIZ_ID 6192698484068451736 in poll \u0932\u094b\u0915\u0938\u092d\u093e \u0915\u0947 \u0938\u0926\u0938\u094d\u092f \u0915\u094b \u0915\u093f\u0928 \u0915\u093e\u0930\u0923\u094b\u0902 \u0938\u0947 \u0905\u092f\u094b\u0917\u094d\u092f \u0920\u0939\u0930\u093e\u092f\u093e \u091c\u093e \u0938\u0915\u0924\u093e \u0939\u0948?]
[2024-08-15 20:03:30,947][INFO][GROUP_ID -1001443029040 QUIZ_ID 6192686123152573242 in poll What is the name of the largest ocean on Earth?]
[2024-08-15 20:03:30,947][INFO][EXISTING_USER_GROUP: ID: -1002214986910]
[2024-08-15 20:03:30,947][INFO][EXISTING_USER: 6850815619]
[2024-08-15 20:03:30,947][INFO][CHAT_LOG USER_ID: 6850815619 Query: ADMIN_REQUEST_TRIGGER_QUIZ]
[2024-08-15 20:03:30,947][INFO][MESSAGE_SENT_TO_COMMON_QUEUE_FROM_TELEGRAM USER_ID: 6850815619]
[2024-08-15 20:03:30,947][INFO][MESSAGE_SENT_TO_COMMON_QUEUE_FROM_BACKEND USER_ID: 6850815619]
[2024-08-15 20:03:30,947][INFO][BACKEND_RESPONSE_DROPPED]
[2024-08-15 20:06:30,958][ERROR]['6192698484068451736']
[2024-08-16 21:12:40,609][INFO][THREAD ID: 1 NAME: TELEGRAM_LISTENER  STARTED]
[2024-08-16 21:12:40,609][INFO][THREAD ID: 4 NAME: TELEGRAM_RESPONSE_QUEUE STARTED]
[2024-08-16 21:12:40,609][INFO][THREAD ID: 2 NAME: BACKEND THREAD STARTED]
[2024-08-16 21:12:40,615][ERROR][Aiohttp ClientError: ClientConnectorError]
[2024-08-16 21:13:09,677][INFO][THREAD ID: 1 NAME: TELEGRAM_LISTENER  STARTED]
[2024-08-16 21:13:09,677][INFO][THREAD ID: 4 NAME: TELEGRAM_RESPONSE_QUEUE STARTED]
[2024-08-16 21:13:09,677][INFO][THREAD ID: 2 NAME: BACKEND THREAD STARTED]
[2024-08-16 21:13:09,679][ERROR][Aiohttp ClientError: ClientConnectorError]
[2024-08-16 21:15:48,547][INFO][THREAD ID: 1 NAME: TELEGRAM_LISTENER  STARTED]
[2024-08-16 21:15:48,547][INFO][THREAD ID: 4 NAME: TELEGRAM_RESPONSE_QUEUE STARTED]
[2024-08-16 21:15:48,550][INFO][THREAD ID: 2 NAME: BACKEND THREAD STARTED]
[2024-08-16 21:15:51,093][INFO][EXISTING_USER_GROUP: ID: -1001443029040]
[2024-08-16 21:15:51,093][INFO][EXISTING_USER: 6945701651]
[2024-08-16 21:15:51,093][INFO][CHAT_LOG USER_ID: 6945701651 Query: /startclassic@on9wordchainbot]
[2024-08-16 21:15:51,093][INFO][MESSAGE_SENT_TO_COMMON_QUEUE_FROM_TELEGRAM USER_ID: 6945701651]
[2024-08-16 21:15:51,093][INFO][MESSAGE_SENT_TO_COMMON_QUEUE_FROM_BACKEND USER_ID: 6945701651]
[2024-08-16 21:15:51,093][INFO][BACKEND_RESPONSE_DROPPED]
[2024-08-16 21:15:51,093][INFO][EXISTING_USER_GROUP: ID: -1001443029040]
[2024-08-16 21:15:51,093][INFO][EXISTING_USER: 6945701651]
[2024-08-16 21:15:51,093][INFO][CHAT_LOG USER_ID: 6945701651 Query: ___ritika_]
[2024-08-16 21:15:51,093][INFO][MESSAGE_SENT_TO_COMMON_QUEUE_FROM_TELEGRAM USER_ID: 6945701651]
[2024-08-16 21:15:51,093][INFO][MESSAGE_SENT_TO_COMMON_QUEUE_FROM_BACKEND USER_ID: 6945701651]
[2024-08-16 21:15:51,093][INFO][BACKEND_RESPONSE_DROPPED]
[2024-08-16 21:15:51,093][INFO][EXISTING_USER_GROUP: ID: -1001443029040]
[2024-08-16 21:15:51,109][INFO][EXISTING_USER: 6945701651]
[2024-08-16 21:15:51,109][INFO][CHAT_LOG USER_ID: 6945701651 Query: /join@on9wordchainbot]
[2024-08-16 21:15:51,109][INFO][MESSAGE_SENT_TO_COMMON_QUEUE_FROM_TELEGRAM USER_ID: 6945701651]
[2024-08-16 21:15:51,111][INFO][MESSAGE_SENT_TO_COMMON_QUEUE_FROM_BACKEND USER_ID: 6945701651]
[2024-08-16 21:15:51,112][INFO][BACKEND_RESPONSE_DROPPED]
[2024-08-16 21:15:51,112][INFO][EXISTING_USER_GROUP: ID: -1001443029040]
[2024-08-16 21:15:51,115][INFO][EXISTING_USER: 6945701651]
[2024-08-16 21:15:51,115][INFO][CHAT_LOG USER_ID: 6945701651 Query: Pgl log h sb]
[2024-08-16 21:15:51,116][INFO][MESSAGE_SENT_TO_COMMON_QUEUE_FROM_TELEGRAM USER_ID: 6945701651]
[2024-08-16 21:15:51,117][INFO][MESSAGE_SENT_TO_COMMON_QUEUE_FROM_BACKEND USER_ID: 6945701651]
[2024-08-16 21:15:51,118][INFO][BACKEND_RESPONSE_DROPPED]
[2024-08-16 21:15:51,118][INFO][EXISTING_USER_GROUP: ID: -1001443029040]
[2024-08-16 21:15:51,122][INFO][EXISTING_USER: 6945701651]
[2024-08-16 21:15:51,122][INFO][CHAT_LOG USER_ID: 6945701651 Query: Tum kon\U0001f971]
[2024-08-16 21:15:51,123][INFO][MESSAGE_SENT_TO_COMMON_QUEUE_FROM_TELEGRAM USER_ID: 6945701651]
[2024-08-16 21:15:51,123][INFO][MESSAGE_SENT_TO_COMMON_QUEUE_FROM_BACKEND USER_ID: 6945701651]
[2024-08-16 21:15:51,125][INFO][BACKEND_RESPONSE_DROPPED]
[2024-08-16 21:15:51,127][INFO][EXISTING_USER_GROUP: ID: -1001443029040]
[2024-08-16 21:15:51,127][INFO][EXISTING_USER: 6945701651]
[2024-08-16 21:15:51,129][INFO][CHAT_LOG USER_ID: 6945701651 Query: /startclassic@on9wordchainbot]
[2024-08-16 21:15:51,129][INFO][MESSAGE_SENT_TO_COMMON_QUEUE_FROM_TELEGRAM USER_ID: 6945701651]
[2024-08-16 21:15:51,130][INFO][MESSAGE_SENT_TO_COMMON_QUEUE_FROM_BACKEND USER_ID: 6945701651]
[2024-08-16 21:15:51,132][INFO][BACKEND_RESPONSE_DROPPED]
[2024-08-16 21:15:51,132][INFO][EXISTING_USER_GROUP: ID: -1001443029040]
[2024-08-16 21:15:51,135][INFO][EXISTING_USER: 6945701651]
[2024-08-16 21:15:51,135][INFO][CHAT_LOG USER_ID: 6945701651 Query: ___ritika_ join kr na]
[2024-08-16 21:15:51,135][INFO][MESSAGE_SENT_TO_COMMON_QUEUE_FROM_TELEGRAM USER_ID: 6945701651]
[2024-08-16 21:15:51,135][INFO][MESSAGE_SENT_TO_COMMON_QUEUE_FROM_BACKEND USER_ID: 6945701651]
[2024-08-16 21:15:51,138][INFO][BACKEND_RESPONSE_DROPPED]
[2024-08-16 21:15:51,138][INFO][EXISTING_USER_GROUP: ID: -1001443029040]
[2024-08-16 21:15:51,140][INFO][EXISTING_USER: 6945701651]
[2024-08-16 21:15:51,143][INFO][CHAT_LOG USER_ID: 6945701651 Query: Shut up]
[2024-08-16 21:15:51,143][INFO][MESSAGE_SENT_TO_COMMON_QUEUE_FROM_TELEGRAM USER_ID: 6945701651]
[2024-08-16 21:15:51,143][INFO][MESSAGE_SENT_TO_COMMON_QUEUE_FROM_BACKEND USER_ID: 6945701651]
[2024-08-16 21:15:51,145][INFO][BACKEND_RESPONSE_DROPPED]
[2024-08-16 21:15:51,145][INFO][EXISTING_USER_GROUP: ID: -1001443029040]
[2024-08-16 21:15:51,145][INFO][EXISTING_USER: 6945701651]
[2024-08-16 21:15:51,145][INFO][CHAT_LOG USER_ID: 6945701651 Query: /join@on9wordchainbot]
[2024-08-16 21:15:51,145][INFO][MESSAGE_SENT_TO_COMMON_QUEUE_FROM_TELEGRAM USER_ID: 6945701651]
[2024-08-16 21:15:51,145][INFO][MESSAGE_SENT_TO_COMMON_QUEUE_FROM_BACKEND USER_ID: 6945701651]
[2024-08-16 21:15:51,145][INFO][BACKEND_RESPONSE_DROPPED]
[2024-08-16 21:15:51,154][INFO][EXISTING_USER_GROUP: ID: -1001443029040]
[2024-08-16 21:15:51,156][INFO][EXISTING_USER: 6945701651]
[2024-08-16 21:15:51,156][INFO][CHAT_LOG USER_ID: 6945701651 Query: Keep quiet]
[2024-08-16 21:15:51,156][INFO][MESSAGE_SENT_TO_COMMON_QUEUE_FROM_TELEGRAM USER_ID: 6945701651]
[2024-08-16 21:15:51,156][INFO][MESSAGE_SENT_TO_COMMON_QUEUE_FROM_BACKEND USER_ID: 6945701651]
[2024-08-16 21:15:51,160][INFO][BACKEND_RESPONSE_DROPPED]
[2024-08-16 21:15:51,161][INFO][EXISTING_USER_GROUP: ID: -1001443029040]
[2024-08-16 21:15:51,165][INFO][EXISTING_USER: 6945701651]
[2024-08-16 21:15:51,165][INFO][CHAT_LOG USER_ID: 6945701651 Query: /filters]
[2024-08-16 21:15:51,165][INFO][MESSAGE_SENT_TO_COMMON_QUEUE_FROM_TELEGRAM USER_ID: 6945701651]
[2024-08-16 21:15:51,166][INFO][MESSAGE_SENT_TO_COMMON_QUEUE_FROM_BACKEND USER_ID: 6945701651]
[2024-08-16 21:15:51,168][INFO][BACKEND_RESPONSE_DROPPED]
[2024-08-16 21:15:51,170][INFO][EXISTING_USER_GROUP: ID: -1001443029040]
[2024-08-16 21:15:51,172][INFO][EXISTING_USER: 6945701651]
[2024-08-16 21:15:51,172][INFO][CHAT_LOG USER_ID: 6945701651 Query: Internet]
[2024-08-16 21:15:51,172][INFO][MESSAGE_SENT_TO_COMMON_QUEUE_FROM_TELEGRAM USER_ID: 6945701651]
[2024-08-16 21:15:51,172][INFO][MESSAGE_SENT_TO_COMMON_QUEUE_FROM_BACKEND USER_ID: 6945701651]
[2024-08-16 21:15:51,172][INFO][BACKEND_RESPONSE_DROPPED]
[2024-08-16 21:15:51,172][INFO][EXISTING_USER_GROUP: ID: -1001443029040]
[2024-08-16 21:15:51,180][INFO][EXISTING_USER: 7403268900]
[2024-08-16 21:15:51,180][INFO][CHAT_LOG USER_ID: 7403268900 Query: Kitni velli hai \U0001f921]
[2024-08-16 21:15:51,180][INFO][MESSAGE_SENT_TO_COMMON_QUEUE_FROM_TELEGRAM USER_ID: 7403268900]
[2024-08-16 21:15:51,183][INFO][MESSAGE_SENT_TO_COMMON_QUEUE_FROM_BACKEND USER_ID: 7403268900]
[2024-08-16 21:15:51,183][ERROR][list index out of range]
[2024-08-16 21:15:51,186][INFO][BACKEND_RESPONSE_DROPPED]
[2024-08-16 21:15:51,196][ERROR][list index out of range]
[2024-08-16 21:15:51,198][INFO][User 7060939433 selected option 1 in poll 6192686123152573235]
[2024-08-16 21:15:51,198][ERROR][list index out of range]
[2024-08-16 21:15:51,203][INFO][User 1019726525 selected option 1 in poll 6192686123152573235]
[2024-08-16 21:15:51,203][INFO][User 1019726525 selected option 1 in poll 6192686123152573241]
[2024-08-16 21:15:51,203][INFO][User 1019726525 selected option 3 in poll 6192686123152573242]
[2024-08-16 21:15:51,547][INFO][EXISTING_USER_GROUP: ID: -1001443029040]
[2024-08-16 21:15:51,612][INFO][NEW_USER_REGISTERED: 1983138497]
[2024-08-16 21:15:51,612][INFO][CHAT_LOG USER_ID: 1983138497 Query: Kidhar bhi ghum]
[2024-08-16 21:15:51,612][INFO][MESSAGE_SENT_TO_COMMON_QUEUE_FROM_TELEGRAM USER_ID: 1983138497]
[2024-08-16 21:15:51,614][INFO][MESSAGE_SENT_TO_COMMON_QUEUE_FROM_BACKEND USER_ID: 1983138497]
[2024-08-16 21:15:51,614][INFO][BACKEND_RESPONSE_DROPPED]
[2024-08-16 21:15:51,859][INFO][EXISTING_USER_GROUP: ID: -1001443029040]
[2024-08-16 21:15:51,859][INFO][EXISTING_USER: 1983138497]
[2024-08-16 21:15:51,859][INFO][CHAT_LOG USER_ID: 1983138497 Query: Apn the kab]
[2024-08-16 21:15:51,859][INFO][MESSAGE_SENT_TO_COMMON_QUEUE_FROM_TELEGRAM USER_ID: 1983138497]
[2024-08-16 21:15:51,859][INFO][MESSAGE_SENT_TO_COMMON_QUEUE_FROM_BACKEND USER_ID: 1983138497]
[2024-08-16 21:15:51,859][INFO][BACKEND_RESPONSE_DROPPED]
[2024-08-16 21:15:52,166][INFO][EXISTING_USER_GROUP: ID: -1001443029040]
[2024-08-16 21:15:52,166][INFO][EXISTING_USER: 1983138497]
[2024-08-16 21:15:52,166][INFO][CHAT_LOG USER_ID: 1983138497 Query: Tumhe kya]
[2024-08-16 21:15:52,166][INFO][MESSAGE_SENT_TO_COMMON_QUEUE_FROM_TELEGRAM USER_ID: 1983138497]
[2024-08-16 21:15:52,166][INFO][MESSAGE_SENT_TO_COMMON_QUEUE_FROM_BACKEND USER_ID: 1983138497]
[2024-08-16 21:15:52,166][INFO][BACKEND_RESPONSE_DROPPED]
[2024-08-16 21:15:52,566][INFO][EXISTING_USER_GROUP: ID: -1001443029040]
[2024-08-16 21:15:52,582][INFO][EXISTING_USER: 6945701651]
[2024-08-16 21:15:52,582][INFO][CHAT_LOG USER_ID: 6945701651 Query: Per aapse toh km\U0001f642]
[2024-08-16 21:15:52,582][INFO][MESSAGE_SENT_TO_COMMON_QUEUE_FROM_TELEGRAM USER_ID: 6945701651]
[2024-08-16 21:15:52,582][INFO][MESSAGE_SENT_TO_COMMON_QUEUE_FROM_BACKEND USER_ID: 6945701651]
[2024-08-16 21:15:52,582][INFO][BACKEND_RESPONSE_DROPPED]
[2024-08-16 21:15:52,582][INFO][EXISTING_USER_GROUP: ID: -1001443029040]
[2024-08-16 21:15:52,582][INFO][EXISTING_USER: 6945701651]
[2024-08-16 21:15:52,582][INFO][CHAT_LOG USER_ID: 6945701651 Query: Bcz I am owner \U0001f60e]
[2024-08-16 21:15:52,582][INFO][MESSAGE_SENT_TO_COMMON_QUEUE_FROM_TELEGRAM USER_ID: 6945701651]
[2024-08-16 21:15:52,582][INFO][MESSAGE_SENT_TO_COMMON_QUEUE_FROM_BACKEND USER_ID: 6945701651]
[2024-08-16 21:15:52,582][INFO][BACKEND_RESPONSE_DROPPED]
[2024-08-16 21:15:52,884][INFO][EXISTING_USER_GROUP: ID: -1001443029040]
[2024-08-16 21:15:52,884][INFO][EXISTING_USER: 6945701651]
[2024-08-16 21:15:52,885][INFO][CHAT_LOG USER_ID: 6945701651 Query: Kya h]
[2024-08-16 21:15:52,885][INFO][MESSAGE_SENT_TO_COMMON_QUEUE_FROM_TELEGRAM USER_ID: 6945701651]
[2024-08-16 21:15:52,885][INFO][MESSAGE_SENT_TO_COMMON_QUEUE_FROM_BACKEND USER_ID: 6945701651]
[2024-08-16 21:15:52,885][INFO][BACKEND_RESPONSE_DROPPED]
[2024-08-16 21:15:52,885][INFO][EXISTING_USER_GROUP: ID: -1001443029040]
[2024-08-16 21:15:52,913][INFO][NEW_USER_REGISTERED: 6660302033]
[2024-08-16 21:15:52,913][INFO][CHAT_LOG USER_ID: 6660302033 Query: Kha ki owner hai tu]
[2024-08-16 21:15:52,913][INFO][MESSAGE_SENT_TO_COMMON_QUEUE_FROM_TELEGRAM USER_ID: 6660302033]
[2024-08-16 21:15:52,913][INFO][MESSAGE_SENT_TO_COMMON_QUEUE_FROM_BACKEND USER_ID: 6660302033]
[2024-08-16 21:15:52,916][INFO][BACKEND_RESPONSE_DROPPED]
[2024-08-16 21:15:52,917][INFO][EXISTING_USER_GROUP: ID: -1001443029040]
[2024-08-16 21:15:52,918][INFO][EXISTING_USER: 6945701651]
[2024-08-16 21:15:52,918][INFO][CHAT_LOG USER_ID: 6945701651 Query: Yha ki\U0001f602]
[2024-08-16 21:15:52,918][INFO][MESSAGE_SENT_TO_COMMON_QUEUE_FROM_TELEGRAM USER_ID: 6945701651]
[2024-08-16 21:15:52,918][INFO][MESSAGE_SENT_TO_COMMON_QUEUE_FROM_BACKEND USER_ID: 6945701651]
[2024-08-16 21:15:52,918][INFO][BACKEND_RESPONSE_DROPPED]
[2024-08-16 21:15:52,918][INFO][EXISTING_USER_GROUP: ID: -1001443029040]
[2024-08-16 21:15:52,919][INFO][EXISTING_USER: 6660302033]
[2024-08-16 21:15:52,919][INFO][CHAT_LOG USER_ID: 6660302033 Query: Oh abhi pta chla \U0001f972\U0001f972]
[2024-08-16 21:15:52,919][INFO][MESSAGE_SENT_TO_COMMON_QUEUE_FROM_TELEGRAM USER_ID: 6660302033]
[2024-08-16 21:15:52,921][INFO][MESSAGE_SENT_TO_COMMON_QUEUE_FROM_BACKEND USER_ID: 6660302033]
[2024-08-16 21:15:52,921][INFO][BACKEND_RESPONSE_DROPPED]
[2024-08-16 21:15:52,921][INFO][EXISTING_USER_GROUP: ID: -1001443029040]
[2024-08-16 21:15:52,922][INFO][EXISTING_USER: 6945701651]
[2024-08-16 21:15:52,922][INFO][CHAT_LOG USER_ID: 6945701651 Query: Pta toh chla na shukr h]
[2024-08-16 21:15:52,922][INFO][MESSAGE_SENT_TO_COMMON_QUEUE_FROM_TELEGRAM USER_ID: 6945701651]
[2024-08-16 21:15:52,923][INFO][MESSAGE_SENT_TO_COMMON_QUEUE_FROM_BACKEND USER_ID: 6945701651]
[2024-08-16 21:15:52,923][INFO][BACKEND_RESPONSE_DROPPED]
[2024-08-16 21:15:53,194][INFO][EXISTING_USER_GROUP: ID: -1001443029040]
[2024-08-16 21:15:53,196][INFO][EXISTING_USER: 6945701651]
[2024-08-16 21:15:53,197][INFO][CHAT_LOG USER_ID: 6945701651 Query: Novelty]
[2024-08-16 21:15:53,197][INFO][MESSAGE_SENT_TO_COMMON_QUEUE_FROM_TELEGRAM USER_ID: 6945701651]
[2024-08-16 21:15:53,198][INFO][MESSAGE_SENT_TO_COMMON_QUEUE_FROM_BACKEND USER_ID: 6945701651]
[2024-08-16 21:15:53,198][INFO][BACKEND_RESPONSE_DROPPED]
[2024-08-16 21:15:53,199][INFO][EXISTING_USER_GROUP: ID: -1001443029040]
[2024-08-16 21:15:53,201][INFO][EXISTING_USER: 1983138497]
[2024-08-16 21:15:53,201][INFO][CHAT_LOG USER_ID: 1983138497 Query: Bhg]
[2024-08-16 21:15:53,201][INFO][MESSAGE_SENT_TO_COMMON_QUEUE_FROM_TELEGRAM USER_ID: 1983138497]
[2024-08-16 21:15:53,201][INFO][MESSAGE_SENT_TO_COMMON_QUEUE_FROM_BACKEND USER_ID: 1983138497]
[2024-08-16 21:15:53,201][INFO][BACKEND_RESPONSE_DROPPED]
[2024-08-16 21:18:18,658][INFO][GROUP_ID -1002214986910 QUIZ_ID 6197242031186641475 in poll \u092d\u093e\u0930\u0924 \u092e\u0947\u0902 \u0930\u093e\u091c\u094d\u092f\u092a\u093e\u0932 \u0915\u0940 \u0928\u093f\u092f\u0941\u0915\u094d\u0924\u093f \u0915\u093f\u0938\u0915\u0947 \u0926\u094d\u0935\u093e\u0930\u093e \u0915\u0940 \u091c\u093e\u0924\u0940 \u0939\u0948?]
[2024-08-16 21:18:19,314][INFO][GROUP_ID -1001443029040 QUIZ_ID 6194831300403134825 in poll \u0930\u093e\u0937\u094d\u091f\u094d\u0930\u092a\u0924\u093f \u0915\u0947 \u0926\u094d\u0935\u093e\u0930\u093e \u0938\u0902\u0938\u0926 \u0915\u094b \u0905\u0938\u092e\u092f \u092d\u0902\u0917 \u0915\u0930\u0928\u0947 \u0915\u093e \u0905\u0927\u093f\u0915\u093e\u0930 \u0915\u093f\u0938 \u0905\u0928\u0941\u091a\u094d\u091b\u0947\u0926 \u092e\u0947\u0902 \u0935\u0930\u094d\u0923\u093f\u0924 \u0939\u0948?]
[2024-08-16 21:18:19,319][INFO][EXISTING_USER: 6850815619]
[2024-08-16 21:18:19,319][INFO][CHAT_LOG USER_ID: 6850815619 Query: ADMIN_REQUEST_TRIGGER_QUIZ]
[2024-08-16 21:18:19,319][INFO][MESSAGE_SENT_TO_COMMON_QUEUE_FROM_TELEGRAM USER_ID: 6850815619]
[2024-08-16 21:18:19,319][INFO][MESSAGE_SENT_TO_COMMON_QUEUE_FROM_BACKEND USER_ID: 6850815619]
[2024-08-16 21:18:19,319][INFO][BACKEND_RESPONSE_DROPPED]
[2024-08-16 21:26:03,286][INFO][User 6768166922 selected option 0 in poll 6197242031186641475]
[2024-08-16 21:31:26,361][INFO][User 6768166922 selected option 1 in poll 6192686123152573241]
[2024-08-16 21:34:51,566][INFO][GROUP_ID -1002214986910 QUIZ_ID 6197242031186641477 in poll \u092d\u093e\u0930\u0924\u0940\u092f \u0938\u0902\u0935\u093f\u0927\u093e\u0928 \u0915\u0947 \u0915\u093f\u0938 \u0905\u0928\u0941\u091a\u094d\u091b\u0947\u0926 \u092e\u0947\u0902 \u0938\u0930\u0915\u093e\u0930 \u0915\u0940 \u0936\u0915\u094d\u0924\u093f\u092f\u094b\u0902 \u0915\u093e \u0935\u093f\u0924\u0930\u0923 \u0915\u093f\u092f\u093e \u0917\u092f\u093e \u0939\u0948?]
[2024-08-16 21:34:52,482][INFO][GROUP_ID -1001443029040 QUIZ_ID 6194831300403134833 in poll \u0935\u093f\u0916\u094d\u092f\u093e\u0924 '\u0924\u093e\u091c\u092e\u0939\u0932' \u0915\u093f\u0938 \u0928\u0926\u0940 \u0915\u0947 \u0915\u093f\u0928\u093e\u0930\u0947 \u0938\u094d\u0925\u093f\u0924 \u0939\u0948?]
[2024-08-16 21:34:52,495][INFO][EXISTING_USER: 6768166922]
[2024-08-16 21:34:52,495][INFO][CHAT_LOG USER_ID: 6768166922 Query: ADMIN_REQUEST_TRIGGER_QUIZ]
[2024-08-16 21:34:52,495][INFO][MESSAGE_SENT_TO_COMMON_QUEUE_FROM_TELEGRAM USER_ID: 6768166922]
[2024-08-16 21:36:49,148][INFO][THREAD ID: 1 NAME: TELEGRAM_LISTENER  STARTED]
[2024-08-16 21:36:49,148][INFO][THREAD ID: 4 NAME: TELEGRAM_RESPONSE_QUEUE STARTED]
[2024-08-16 21:36:49,148][INFO][THREAD ID: 2 NAME: BACKEND THREAD STARTED]
[2024-08-16 21:39:42,443][ERROR][Aiohttp ClientError: ClientOSError]
[2024-08-16 21:39:42,447][ERROR][Unhandled exception (full traceback for debug level): Request timeout. Request: method=get url=getUpdates params=<aiohttp.formdata.FormData object at 0x0000023DF60BE5B0> files=None request_timeout=300]
[2024-08-16 21:40:37,292][INFO][THREAD ID: 1 NAME: TELEGRAM_LISTENER  STARTED]
[2024-08-16 21:40:37,292][INFO][THREAD ID: 4 NAME: TELEGRAM_RESPONSE_QUEUE STARTED]
[2024-08-16 21:40:37,292][INFO][THREAD ID: 2 NAME: BACKEND THREAD STARTED]
[2024-08-16 21:43:17,078][INFO][User 7403268900 selected option 2 in poll 6194831300403134825]
[2024-08-16 21:43:31,411][INFO][User 6850815619 selected option 1 in poll 6197242031186641475]
[2024-08-16 21:43:31,411][INFO][User 6850815619 selected option 2 in poll 6197242031186641477]
[2024-08-16 21:43:31,411][INFO][User 6850815619 selected option 2 in poll 6192698484068451736]
[2024-08-16 23:03:56,906][INFO][User 6768166922 selected option 0 in poll 6194831300403134825]
[2024-08-16 23:04:05,198][INFO][User 6768166922 selected option 1 in poll 6197242031186641477]
[2024-08-16 23:04:21,150][INFO][GROUP_ID -1002214986910 QUIZ_ID 6197242031186641491 in poll \u0938\u0930\u094d\u0935\u093e\u0927\u093f\u0915 \u0917\u0939\u0930\u0940 \u091d\u0940\u0932 \u0915\u094c\u0928 \u0938\u0940 \u0939\u0948?]
[2024-08-16 23:04:21,936][INFO][GROUP_ID -1001443029040 QUIZ_ID 6194831300403134876 in poll \u092d\u093e\u0930\u0924\u0940\u092f \u0938\u0902\u0935\u093f\u0927\u093e\u0928 \u0915\u0947 \u0915\u093f\u0938 \u0905\u0928\u0941\u091a\u094d\u091b\u0947\u0926 \u092e\u0947\u0902 \u0938\u0902\u0918 \u0914\u0930 \u0930\u093e\u091c\u094d\u092f \u0915\u0947 \u0938\u0902\u092c\u0902\u0927\u094b\u0902 \u0915\u0940 \u092c\u093e\u0924 \u0915\u0940 \u0917\u0908 \u0939\u0948?]
[2024-08-16 23:04:21,939][INFO][EXISTING_USER: 6768166922]
[2024-08-16 23:04:21,939][INFO][CHAT_LOG USER_ID: 6768166922 Query: ADMIN_REQUEST_TRIGGER_QUIZ]
[2024-08-16 23:04:21,939][INFO][MESSAGE_SENT_TO_COMMON_QUEUE_FROM_TELEGRAM USER_ID: 6768166922]
[2024-08-16 23:04:21,939][INFO][MESSAGE_SENT_TO_COMMON_QUEUE_FROM_BACKEND USER_ID: 6768166922]
[2024-08-16 23:04:21,939][INFO][BACKEND_RESPONSE_DROPPED]
[2024-08-16 23:45:19,574][INFO][User 6850815619 selected option 1 in poll 6197242031186641491]
[2024-08-16 23:45:23,180][INFO][User 6850815619 selected option 2 in poll 6192698484068451727]
[2024-08-17 00:57:10,356][INFO][User 1983138497 selected option 3 in poll 6194831300403134876]
[2024-08-17 06:41:32,228][ERROR][Unhandled exception (full traceback for debug level): A request to the Telegram API was unsuccessful. Error code: 429. Description: Too Many Requests: retry after 5]
[2024-08-17 08:17:47,642][INFO][THREAD ID: 1 NAME: TELEGRAM_LISTENER  STARTED]
[2024-08-17 08:17:47,642][INFO][THREAD ID: 4 NAME: TELEGRAM_RESPONSE_QUEUE STARTED]
[2024-08-17 08:17:47,642][INFO][THREAD ID: 2 NAME: BACKEND THREAD STARTED]
[2024-08-17 08:17:49,760][INFO][GROUP_ID -1002214986910 QUIZ_ID 6197242031186641546 in poll \u0915\u093f\u0938 \u092e\u0939\u093e\u0926\u094d\u0935\u0940\u092a \u092e\u0947\u0902 '\u0938\u0935\u093e\u0928\u093e' \u0915\u094d\u0937\u0947\u0924\u094d\u0930 \u0938\u092c\u0938\u0947 \u0905\u0927\u093f\u0915 \u092a\u093e\u092f\u093e \u091c\u093e\u0924\u093e \u0939\u0948?]
[2024-08-17 08:17:50,176][INFO][GROUP_ID -1001443029040 QUIZ_ID 6197083100216819954 in poll Which country has the longest coastline in the world?]
[2024-08-17 08:17:50,176][INFO][EXISTING_USER: 6768166922]
[2024-08-17 08:17:50,192][INFO][CHAT_LOG USER_ID: 6768166922 Query: ADMIN_REQUEST_TRIGGER_QUIZ]
[2024-08-17 08:17:50,192][INFO][MESSAGE_SENT_TO_COMMON_QUEUE_FROM_TELEGRAM USER_ID: 6768166922]
[2024-08-17 08:17:50,192][INFO][User 7363232916 selected option 0 in poll 6194831300403134876]
[2024-08-17 08:17:50,192][INFO][User 6768166922 selected option 1 in poll 6194831300403134876]
[2024-08-17 08:17:50,192][INFO][User 7400370356 selected option 0 in poll 6194831300403134876]
[2024-08-17 08:17:50,192][INFO][MESSAGE_SENT_TO_COMMON_QUEUE_FROM_BACKEND USER_ID: 6768166922]
[2024-08-17 08:17:50,192][INFO][BACKEND_RESPONSE_DROPPED]
[2024-08-17 08:18:32,071][INFO][User 6768166922 selected option 2 in poll 6197242031186641546]
[2024-08-17 08:19:05,797][INFO][User 6768166922 selected option 0 in poll 6197083100216819954]
[2024-08-17 10:28:36,229][INFO][EXISTING_USER_GROUP: ID: -1001443029040]
[2024-08-17 10:28:36,229][INFO][EXISTING_USER: 6945701651]
[2024-08-17 10:28:36,229][INFO][CHAT_LOG USER_ID: 6945701651 Query: Yes you]
[2024-08-17 10:28:36,229][INFO][MESSAGE_SENT_TO_COMMON_QUEUE_FROM_TELEGRAM USER_ID: 6945701651]
[2024-08-17 10:28:36,229][INFO][MESSAGE_SENT_TO_COMMON_QUEUE_FROM_BACKEND USER_ID: 6945701651]
[2024-08-17 10:28:36,229][INFO][BACKEND_RESPONSE_DROPPED]
[2024-08-17 10:35:23,344][INFO][GROUP_ID -1002214986910 QUIZ_ID 6197242031186641603 in poll \u0938\u0930\u094d\u0935\u093e\u0927\u093f\u0915 \u090a\u0901\u091a\u093e\u0908 \u092a\u0930 \u0938\u094d\u0925\u093f\u0924 \u0938\u0915\u094d\u0930\u093f\u092f \u091c\u094d\u0935\u093e\u0932\u093e\u092e\u0941\u0916\u0940 \u0915\u094c\u0928 \u0938\u093e \u0939\u0948?]
[2024-08-17 10:35:24,147][INFO][GROUP_ID -1001443029040 QUIZ_ID 6197083100216819966 in poll What is the term for the amount of matter in an object?]
[2024-08-17 10:35:24,149][INFO][EXISTING_USER: 6850815619]
[2024-08-17 10:35:24,149][INFO][CHAT_LOG USER_ID: 6850815619 Query: ADMIN_REQUEST_TRIGGER_QUIZ]
[2024-08-17 10:35:24,149][INFO][MESSAGE_SENT_TO_COMMON_QUEUE_FROM_TELEGRAM USER_ID: 6850815619]
[2024-08-17 10:35:24,149][INFO][MESSAGE_SENT_TO_COMMON_QUEUE_FROM_BACKEND USER_ID: 6850815619]
[2024-08-17 10:35:24,149][INFO][BACKEND_RESPONSE_DROPPED]
[2024-08-17 13:01:05,544][INFO][User 6768166922 selected option 1 in poll 6197242031186641603]
